DEBUG:root:GetFirstLine: state = 0 & actual byte = b'G'
DEBUG:root:GetFirstLine: state = 0 & actual byte = b'E'
DEBUG:root:GetFirstLine: state = 0 & actual byte = b'T'
DEBUG:root:GetFirstLine: state = 0 & actual byte = b' '
DEBUG:root:GetFirstLine: state = 1 & actual byte = b'/'
DEBUG:root:GetFirstLine: state = 1 & actual byte = b'b'
DEBUG:root:GetFirstLine: state = 1 & actual byte = b'a'
DEBUG:root:GetFirstLine: state = 1 & actual byte = b'n'
DEBUG:root:GetFirstLine: state = 1 & actual byte = b'k'
DEBUG:root:GetFirstLine: state = 1 & actual byte = b'/'
DEBUG:root:GetFirstLine: state = 1 & actual byte = b'M'
DEBUG:root:GetFirstLine: state = 1 & actual byte = b'a'
DEBUG:root:GetFirstLine: state = 1 & actual byte = b'i'
DEBUG:root:GetFirstLine: state = 1 & actual byte = b'n'
DEBUG:root:GetFirstLine: state = 1 & actual byte = b'-'
DEBUG:root:GetFirstLine: state = 1 & actual byte = b'p'
DEBUG:root:GetFirstLine: state = 1 & actual byte = b'a'
DEBUG:root:GetFirstLine: state = 1 & actual byte = b'g'
DEBUG:root:GetFirstLine: state = 1 & actual byte = b'e'
DEBUG:root:GetFirstLine: state = 1 & actual byte = b' '
DEBUG:root:GetFirstLine: state = 2 & actual byte = b'H'
DEBUG:root:GetFirstLine: state = 2 & actual byte = b'T'
DEBUG:root:GetFirstLine: state = 2 & actual byte = b'T'
DEBUG:root:GetFirstLine: state = 2 & actual byte = b'P'
DEBUG:root:GetFirstLine: state = 2 & actual byte = b'/'
DEBUG:root:GetFirstLine: state = 2 & actual byte = b'1'
DEBUG:root:GetFirstLine: state = 2 & actual byte = b'.'
DEBUG:root:GetFirstLine: state = 2 & actual byte = b'1'
DEBUG:root:GetFirstLine: state = 2 & actual byte = b'\r'
DEBUG:root:GetFirstLine: state = 3 & actual byte = b'\n'
DEBUG:root:GetHeaders: state = 7 & actual byte = b'\r'
DEBUG:root:GetHeaders: state = 9 & actual byte = b'\n'
DEBUG:root:GetFirstLine: state = 0 & actual byte = b'G'
DEBUG:root:GetFirstLine: state = 0 & actual byte = b'E'
DEBUG:root:GetFirstLine: state = 0 & actual byte = b'T'
DEBUG:root:GetFirstLine: state = 0 & actual byte = b' '
DEBUG:root:GetFirstLine: state = 1 & actual byte = b'/'
DEBUG:root:GetFirstLine: state = 1 & actual byte = b'b'
DEBUG:root:GetFirstLine: state = 1 & actual byte = b'a'
DEBUG:root:GetFirstLine: state = 1 & actual byte = b'n'
DEBUG:root:GetFirstLine: state = 1 & actual byte = b'k'
DEBUG:root:GetFirstLine: state = 1 & actual byte = b'/'
DEBUG:root:GetFirstLine: state = 1 & actual byte = b'M'
DEBUG:root:GetFirstLine: state = 1 & actual byte = b'a'
DEBUG:root:GetFirstLine: state = 1 & actual byte = b'i'
DEBUG:root:GetFirstLine: state = 1 & actual byte = b'n'
DEBUG:root:GetFirstLine: state = 1 & actual byte = b'-'
DEBUG:root:GetFirstLine: state = 1 & actual byte = b'p'
DEBUG:root:GetFirstLine: state = 1 & actual byte = b'a'
DEBUG:root:GetFirstLine: state = 1 & actual byte = b'g'
DEBUG:root:GetFirstLine: state = 1 & actual byte = b'e'
DEBUG:root:GetFirstLine: state = 1 & actual byte = b' '
DEBUG:root:GetFirstLine: state = 2 & actual byte = b'H'
DEBUG:root:GetFirstLine: state = 2 & actual byte = b'T'
DEBUG:root:GetFirstLine: state = 2 & actual byte = b'T'
DEBUG:root:GetFirstLine: state = 2 & actual byte = b'P'
DEBUG:root:GetFirstLine: state = 2 & actual byte = b'/'
DEBUG:root:GetFirstLine: state = 2 & actual byte = b'1'
DEBUG:root:GetFirstLine: state = 2 & actual byte = b'.'
DEBUG:root:GetFirstLine: state = 2 & actual byte = b'1'
DEBUG:root:GetFirstLine: state = 2 & actual byte = b'\r'
DEBUG:root:GetFirstLine: state = 3 & actual byte = b'\n'
DEBUG:root:GetHeaders: state = 7 & actual byte = b'H'
DEBUG:root:GetHeaders: state = 2 & actual byte = b'o'
DEBUG:root:GetHeaders: state = 2 & actual byte = b's'
DEBUG:root:GetHeaders: state = 2 & actual byte = b't'
DEBUG:root:GetHeaders: state = 2 & actual byte = b':'
DEBUG:root:GetHeaders: state = 4 & actual byte = b' '
DEBUG:root:GetHeaders: state = 5 & actual byte = b'w'
DEBUG:root:GetHeaders: state = 5 & actual byte = b'w'
DEBUG:root:GetHeaders: state = 5 & actual byte = b'w'
DEBUG:root:GetHeaders: state = 5 & actual byte = b'.'
DEBUG:root:GetHeaders: state = 5 & actual byte = b'r'
DEBUG:root:GetHeaders: state = 5 & actual byte = b'y'
DEBUG:root:GetHeaders: state = 5 & actual byte = b'a'
DEBUG:root:GetHeaders: state = 5 & actual byte = b'n'
DEBUG:root:GetHeaders: state = 5 & actual byte = b'b'
DEBUG:root:GetHeaders: state = 5 & actual byte = b'a'
DEBUG:root:GetHeaders: state = 5 & actual byte = b'n'
DEBUG:root:GetHeaders: state = 5 & actual byte = b'c'
DEBUG:root:GetHeaders: state = 5 & actual byte = b'o'
DEBUG:root:GetHeaders: state = 5 & actual byte = b'.'
DEBUG:root:GetHeaders: state = 5 & actual byte = b'c'
DEBUG:root:GetHeaders: state = 5 & actual byte = b'o'
DEBUG:root:GetHeaders: state = 5 & actual byte = b'm'
DEBUG:root:GetHeaders: state = 5 & actual byte = b'.'
DEBUG:root:GetHeaders: state = 5 & actual byte = b'b'
DEBUG:root:GetHeaders: state = 5 & actual byte = b'r'
DEBUG:root:GetHeaders: state = 5 & actual byte = b'\r'
DEBUG:root:GetHeaders: state = 6 & actual byte = b'\n'
DEBUG:root:GetHeaders: state = 7 & actual byte = b'\r'
DEBUG:root:GetHeaders: state = 9 & actual byte = b'\n'
DEBUG:root:GetFirstLine: state = 0 & actual byte = b'G'
DEBUG:root:GetFirstLine: state = 0 & actual byte = b'E'
DEBUG:root:GetFirstLine: state = 0 & actual byte = b'T'
DEBUG:root:GetFirstLine: state = 0 & actual byte = b' '
DEBUG:root:GetFirstLine: state = 1 & actual byte = b'/'
DEBUG:root:GetFirstLine: state = 1 & actual byte = b'b'
DEBUG:root:GetFirstLine: state = 1 & actual byte = b'a'
DEBUG:root:GetFirstLine: state = 1 & actual byte = b'n'
DEBUG:root:GetFirstLine: state = 1 & actual byte = b'k'
DEBUG:root:GetFirstLine: state = 1 & actual byte = b'/'
DEBUG:root:GetFirstLine: state = 1 & actual byte = b'M'
DEBUG:root:GetFirstLine: state = 1 & actual byte = b'a'
DEBUG:root:GetFirstLine: state = 1 & actual byte = b'i'
DEBUG:root:GetFirstLine: state = 1 & actual byte = b'n'
DEBUG:root:GetFirstLine: state = 1 & actual byte = b'-'
DEBUG:root:GetFirstLine: state = 1 & actual byte = b'p'
DEBUG:root:GetFirstLine: state = 1 & actual byte = b'a'
DEBUG:root:GetFirstLine: state = 1 & actual byte = b'g'
DEBUG:root:GetFirstLine: state = 1 & actual byte = b'e'
DEBUG:root:GetFirstLine: state = 1 & actual byte = b' '
DEBUG:root:GetFirstLine: state = 2 & actual byte = b'H'
DEBUG:root:GetFirstLine: state = 2 & actual byte = b'T'
DEBUG:root:GetFirstLine: state = 2 & actual byte = b'T'
DEBUG:root:GetFirstLine: state = 2 & actual byte = b'P'
DEBUG:root:GetFirstLine: state = 2 & actual byte = b'/'
DEBUG:root:GetFirstLine: state = 2 & actual byte = b'1'
DEBUG:root:GetFirstLine: state = 2 & actual byte = b'.'
DEBUG:root:GetFirstLine: state = 2 & actual byte = b'1'
DEBUG:root:GetFirstLine: state = 2 & actual byte = b'\r'
DEBUG:root:GetFirstLine: state = 3 & actual byte = b'\n'
DEBUG:root:GetHeaders: state = 7 & actual byte = b'\r'
DEBUG:root:GetHeaders: state = 9 & actual byte = b'\n'
DEBUG:root:GetFirstLine: state = 0 & actual byte = b'G'
DEBUG:root:GetFirstLine: state = 0 & actual byte = b'E'
DEBUG:root:GetFirstLine: state = 0 & actual byte = b'T'
DEBUG:root:GetFirstLine: state = 0 & actual byte = b' '
DEBUG:root:GetFirstLine: state = 1 & actual byte = b'/'
DEBUG:root:GetFirstLine: state = 1 & actual byte = b'b'
DEBUG:root:GetFirstLine: state = 1 & actual byte = b'a'
DEBUG:root:GetFirstLine: state = 1 & actual byte = b'n'
DEBUG:root:GetFirstLine: state = 1 & actual byte = b'k'
DEBUG:root:GetFirstLine: state = 1 & actual byte = b'/'
DEBUG:root:GetFirstLine: state = 1 & actual byte = b'M'
DEBUG:root:GetFirstLine: state = 1 & actual byte = b'a'
DEBUG:root:GetFirstLine: state = 1 & actual byte = b'i'
DEBUG:root:GetFirstLine: state = 1 & actual byte = b'n'
DEBUG:root:GetFirstLine: state = 1 & actual byte = b'-'
DEBUG:root:GetFirstLine: state = 1 & actual byte = b'p'
DEBUG:root:GetFirstLine: state = 1 & actual byte = b'a'
DEBUG:root:GetFirstLine: state = 1 & actual byte = b'g'
DEBUG:root:GetFirstLine: state = 1 & actual byte = b'e'
DEBUG:root:GetFirstLine: state = 1 & actual byte = b' '
DEBUG:root:GetFirstLine: state = 2 & actual byte = b'H'
DEBUG:root:GetFirstLine: state = 2 & actual byte = b'T'
DEBUG:root:GetFirstLine: state = 2 & actual byte = b'T'
DEBUG:root:GetFirstLine: state = 2 & actual byte = b'P'
DEBUG:root:GetFirstLine: state = 2 & actual byte = b'/'
DEBUG:root:GetFirstLine: state = 2 & actual byte = b'1'
DEBUG:root:GetFirstLine: state = 2 & actual byte = b'.'
DEBUG:root:GetFirstLine: state = 2 & actual byte = b'1'
DEBUG:root:GetFirstLine: state = 2 & actual byte = b'\r'
DEBUG:root:GetFirstLine: state = 3 & actual byte = b'\n'
DEBUG:root:GetHeaders: state = 7 & actual byte = b'H'
DEBUG:root:GetHeaders: state = 2 & actual byte = b'o'
DEBUG:root:GetHeaders: state = 2 & actual byte = b's'
DEBUG:root:GetHeaders: state = 2 & actual byte = b't'
DEBUG:root:GetHeaders: state = 2 & actual byte = b':'
DEBUG:root:GetHeaders: state = 4 & actual byte = b' '
DEBUG:root:GetHeaders: state = 5 & actual byte = b'w'
DEBUG:root:GetHeaders: state = 5 & actual byte = b'w'
DEBUG:root:GetHeaders: state = 5 & actual byte = b'w'
DEBUG:root:GetHeaders: state = 5 & actual byte = b'.'
DEBUG:root:GetHeaders: state = 5 & actual byte = b'r'
DEBUG:root:GetHeaders: state = 5 & actual byte = b'y'
DEBUG:root:GetHeaders: state = 5 & actual byte = b'a'
DEBUG:root:GetHeaders: state = 5 & actual byte = b'n'
DEBUG:root:GetHeaders: state = 5 & actual byte = b'b'
DEBUG:root:GetHeaders: state = 5 & actual byte = b'a'
DEBUG:root:GetHeaders: state = 5 & actual byte = b'n'
DEBUG:root:GetHeaders: state = 5 & actual byte = b'c'
DEBUG:root:GetHeaders: state = 5 & actual byte = b'o'
DEBUG:root:GetHeaders: state = 5 & actual byte = b'.'
DEBUG:root:GetHeaders: state = 5 & actual byte = b'c'
DEBUG:root:GetHeaders: state = 5 & actual byte = b'o'
DEBUG:root:GetHeaders: state = 5 & actual byte = b'm'
DEBUG:root:GetHeaders: state = 5 & actual byte = b'.'
DEBUG:root:GetHeaders: state = 5 & actual byte = b'b'
DEBUG:root:GetHeaders: state = 5 & actual byte = b'r'
DEBUG:root:GetHeaders: state = 5 & actual byte = b'\r'
DEBUG:root:GetHeaders: state = 6 & actual byte = b'\n'
DEBUG:root:GetHeaders: state = 7 & actual byte = b'\r'
DEBUG:root:GetHeaders: state = 9 & actual byte = b'\n'
DEBUG:root:GetFirstLine: state = 0 & actual byte = b'G'
DEBUG:root:GetFirstLine: state = 0 & actual byte = b'E'
DEBUG:root:GetFirstLine: state = 0 & actual byte = b'T'
DEBUG:root:GetFirstLine: state = 0 & actual byte = b' '
DEBUG:root:GetFirstLine: state = 1 & actual byte = b'/'
DEBUG:root:GetFirstLine: state = 1 & actual byte = b'b'
DEBUG:root:GetFirstLine: state = 1 & actual byte = b'a'
DEBUG:root:GetFirstLine: state = 1 & actual byte = b'n'
DEBUG:root:GetFirstLine: state = 1 & actual byte = b'k'
DEBUG:root:GetFirstLine: state = 1 & actual byte = b'/'
DEBUG:root:GetFirstLine: state = 1 & actual byte = b'M'
DEBUG:root:GetFirstLine: state = 1 & actual byte = b'a'
DEBUG:root:GetFirstLine: state = 1 & actual byte = b'i'
DEBUG:root:GetFirstLine: state = 1 & actual byte = b'n'
DEBUG:root:GetFirstLine: state = 1 & actual byte = b'-'
DEBUG:root:GetFirstLine: state = 1 & actual byte = b'p'
DEBUG:root:GetFirstLine: state = 1 & actual byte = b'a'
DEBUG:root:GetFirstLine: state = 1 & actual byte = b'g'
DEBUG:root:GetFirstLine: state = 1 & actual byte = b'e'
DEBUG:root:GetFirstLine: state = 1 & actual byte = b' '
DEBUG:root:GetFirstLine: state = 2 & actual byte = b'H'
DEBUG:root:GetFirstLine: state = 2 & actual byte = b'T'
DEBUG:root:GetFirstLine: state = 2 & actual byte = b'T'
DEBUG:root:GetFirstLine: state = 2 & actual byte = b'P'
DEBUG:root:GetFirstLine: state = 2 & actual byte = b'/'
DEBUG:root:GetFirstLine: state = 2 & actual byte = b'1'
DEBUG:root:GetFirstLine: state = 2 & actual byte = b'.'
DEBUG:root:GetFirstLine: state = 2 & actual byte = b'1'
DEBUG:root:GetFirstLine: state = 2 & actual byte = b'\r'
DEBUG:root:GetFirstLine: state = 3 & actual byte = b'\n'
DEBUG:root:GetHeaders: state = 7 & actual byte = b'H'
DEBUG:root:GetHeaders: state = 2 & actual byte = b'o'
DEBUG:root:GetHeaders: state = 2 & actual byte = b's'
DEBUG:root:GetHeaders: state = 2 & actual byte = b't'
DEBUG:root:GetHeaders: state = 2 & actual byte = b':'
DEBUG:root:GetHeaders: state = 4 & actual byte = b' '
DEBUG:root:GetHeaders: state = 5 & actual byte = b'w'
DEBUG:root:GetHeaders: state = 5 & actual byte = b'w'
DEBUG:root:GetHeaders: state = 5 & actual byte = b'w'
DEBUG:root:GetHeaders: state = 5 & actual byte = b'.'
DEBUG:root:GetHeaders: state = 5 & actual byte = b'r'
DEBUG:root:GetHeaders: state = 5 & actual byte = b'y'
DEBUG:root:GetHeaders: state = 5 & actual byte = b'a'
DEBUG:root:GetHeaders: state = 5 & actual byte = b'n'
DEBUG:root:GetHeaders: state = 5 & actual byte = b'b'
DEBUG:root:GetHeaders: state = 5 & actual byte = b'a'
DEBUG:root:GetHeaders: state = 5 & actual byte = b'n'
DEBUG:root:GetHeaders: state = 5 & actual byte = b'c'
DEBUG:root:GetHeaders: state = 5 & actual byte = b'o'
DEBUG:root:GetHeaders: state = 5 & actual byte = b'.'
DEBUG:root:GetHeaders: state = 5 & actual byte = b'c'
DEBUG:root:GetHeaders: state = 5 & actual byte = b'o'
DEBUG:root:GetHeaders: state = 5 & actual byte = b'm'
DEBUG:root:GetHeaders: state = 5 & actual byte = b'.'
DEBUG:root:GetHeaders: state = 5 & actual byte = b'b'
DEBUG:root:GetHeaders: state = 5 & actual byte = b'r'
DEBUG:root:GetHeaders: state = 5 & actual byte = b'\r'
DEBUG:root:GetHeaders: state = 6 & actual byte = b'\n'
DEBUG:root:GetHeaders: state = 7 & actual byte = b'\r'
DEBUG:root:GetHeaders: state = 9 & actual byte = b'\n'
DEBUG:root:GetFirstLine: state = 0 & actual byte = b'G'
DEBUG:root:GetFirstLine: state = 0 & actual byte = b'E'
DEBUG:root:GetFirstLine: state = 0 & actual byte = b'T'
DEBUG:root:GetFirstLine: state = 0 & actual byte = b' '
DEBUG:root:GetFirstLine: state = 1 & actual byte = b'/'
DEBUG:root:GetFirstLine: state = 1 & actual byte = b'b'
DEBUG:root:GetFirstLine: state = 1 & actual byte = b'a'
DEBUG:root:GetFirstLine: state = 1 & actual byte = b'n'
DEBUG:root:GetFirstLine: state = 1 & actual byte = b'k'
DEBUG:root:GetFirstLine: state = 1 & actual byte = b'/'
DEBUG:root:GetFirstLine: state = 1 & actual byte = b'M'
DEBUG:root:GetFirstLine: state = 1 & actual byte = b'a'
DEBUG:root:GetFirstLine: state = 1 & actual byte = b'i'
DEBUG:root:GetFirstLine: state = 1 & actual byte = b'n'
DEBUG:root:GetFirstLine: state = 1 & actual byte = b'-'
DEBUG:root:GetFirstLine: state = 1 & actual byte = b'p'
DEBUG:root:GetFirstLine: state = 1 & actual byte = b'a'
DEBUG:root:GetFirstLine: state = 1 & actual byte = b'g'
DEBUG:root:GetFirstLine: state = 1 & actual byte = b'e'
DEBUG:root:GetFirstLine: state = 1 & actual byte = b' '
DEBUG:root:GetFirstLine: state = 2 & actual byte = b'H'
DEBUG:root:GetFirstLine: state = 2 & actual byte = b'T'
DEBUG:root:GetFirstLine: state = 2 & actual byte = b'T'
DEBUG:root:GetFirstLine: state = 2 & actual byte = b'P'
DEBUG:root:GetFirstLine: state = 2 & actual byte = b'/'
DEBUG:root:GetFirstLine: state = 2 & actual byte = b'1'
DEBUG:root:GetFirstLine: state = 2 & actual byte = b'.'
DEBUG:root:GetFirstLine: state = 2 & actual byte = b'1'
DEBUG:root:GetFirstLine: state = 2 & actual byte = b'\r'
DEBUG:root:GetFirstLine: state = 3 & actual byte = b'\n'
DEBUG:root:GetHeaders: state = 7 & actual byte = b'H'
DEBUG:root:GetHeaders: state = 2 & actual byte = b'o'
DEBUG:root:GetHeaders: state = 2 & actual byte = b's'
DEBUG:root:GetHeaders: state = 2 & actual byte = b't'
DEBUG:root:GetHeaders: state = 2 & actual byte = b':'
DEBUG:root:GetHeaders: state = 4 & actual byte = b' '
DEBUG:root:GetHeaders: state = 5 & actual byte = b'w'
DEBUG:root:GetHeaders: state = 5 & actual byte = b'w'
DEBUG:root:GetHeaders: state = 5 & actual byte = b'w'
DEBUG:root:GetHeaders: state = 5 & actual byte = b'.'
DEBUG:root:GetHeaders: state = 5 & actual byte = b'r'
DEBUG:root:GetHeaders: state = 5 & actual byte = b'y'
DEBUG:root:GetHeaders: state = 5 & actual byte = b'a'
DEBUG:root:GetHeaders: state = 5 & actual byte = b'n'
DEBUG:root:GetHeaders: state = 5 & actual byte = b'b'
DEBUG:root:GetHeaders: state = 5 & actual byte = b'a'
DEBUG:root:GetHeaders: state = 5 & actual byte = b'n'
DEBUG:root:GetHeaders: state = 5 & actual byte = b'c'
DEBUG:root:GetHeaders: state = 5 & actual byte = b'o'
DEBUG:root:GetHeaders: state = 5 & actual byte = b'.'
DEBUG:root:GetHeaders: state = 5 & actual byte = b'c'
DEBUG:root:GetHeaders: state = 5 & actual byte = b'o'
DEBUG:root:GetHeaders: state = 5 & actual byte = b'm'
DEBUG:root:GetHeaders: state = 5 & actual byte = b'.'
DEBUG:root:GetHeaders: state = 5 & actual byte = b'b'
DEBUG:root:GetHeaders: state = 5 & actual byte = b'r'
DEBUG:root:GetHeaders: state = 5 & actual byte = b'\r'
DEBUG:root:GetHeaders: state = 6 & actual byte = b'\n'
DEBUG:root:GetHeaders: state = 7 & actual byte = b'U'
DEBUG:root:GetHeaders: state = 2 & actual byte = b's'
DEBUG:root:GetHeaders: state = 2 & actual byte = b'e'
DEBUG:root:GetHeaders: state = 2 & actual byte = b'r'
DEBUG:root:GetHeaders: state = 2 & actual byte = b'-'
DEBUG:root:GetHeaders: state = 2 & actual byte = b'A'
DEBUG:root:GetHeaders: state = 2 & actual byte = b'g'
DEBUG:root:GetHeaders: state = 2 & actual byte = b'e'
DEBUG:root:GetHeaders: state = 2 & actual byte = b'n'
DEBUG:root:GetHeaders: state = 2 & actual byte = b't'
DEBUG:root:GetHeaders: state = 2 & actual byte = b':'
DEBUG:root:GetHeaders: state = 4 & actual byte = b' '
DEBUG:root:GetHeaders: state = 5 & actual byte = b'M'
DEBUG:root:GetHeaders: state = 5 & actual byte = b'o'
DEBUG:root:GetHeaders: state = 5 & actual byte = b'z'
DEBUG:root:GetHeaders: state = 5 & actual byte = b'i'
DEBUG:root:GetHeaders: state = 5 & actual byte = b'l'
DEBUG:root:GetHeaders: state = 5 & actual byte = b'l'
DEBUG:root:GetHeaders: state = 5 & actual byte = b'a'
DEBUG:root:GetHeaders: state = 5 & actual byte = b' '
DEBUG:root:GetHeaders: state = 5 & actual byte = b'5'
DEBUG:root:GetHeaders: state = 5 & actual byte = b'.'
DEBUG:root:GetHeaders: state = 5 & actual byte = b'0'
DEBUG:root:GetHeaders: state = 5 & actual byte = b'\r'
DEBUG:root:GetHeaders: state = 6 & actual byte = b'\n'
DEBUG:root:GetHeaders: state = 7 & actual byte = b'\r'
DEBUG:root:GetHeaders: state = 9 & actual byte = b'\n'
DEBUG:root:GetFirstLine: state = 0 & actual byte = b'G'
DEBUG:root:GetFirstLine: state = 0 & actual byte = b'E'
DEBUG:root:GetFirstLine: state = 0 & actual byte = b'T'
DEBUG:root:GetFirstLine: state = 0 & actual byte = b' '
DEBUG:root:GetFirstLine: state = 1 & actual byte = b'/'
DEBUG:root:GetFirstLine: state = 1 & actual byte = b'b'
DEBUG:root:GetFirstLine: state = 1 & actual byte = b'a'
DEBUG:root:GetFirstLine: state = 1 & actual byte = b'n'
DEBUG:root:GetFirstLine: state = 1 & actual byte = b'k'
DEBUG:root:GetFirstLine: state = 1 & actual byte = b'/'
DEBUG:root:GetFirstLine: state = 1 & actual byte = b'M'
DEBUG:root:GetFirstLine: state = 1 & actual byte = b'a'
DEBUG:root:GetFirstLine: state = 1 & actual byte = b'i'
DEBUG:root:GetFirstLine: state = 1 & actual byte = b'n'
DEBUG:root:GetFirstLine: state = 1 & actual byte = b'-'
DEBUG:root:GetFirstLine: state = 1 & actual byte = b'p'
DEBUG:root:GetFirstLine: state = 1 & actual byte = b'a'
DEBUG:root:GetFirstLine: state = 1 & actual byte = b'g'
DEBUG:root:GetFirstLine: state = 1 & actual byte = b'e'
DEBUG:root:GetFirstLine: state = 1 & actual byte = b' '
DEBUG:root:GetFirstLine: state = 2 & actual byte = b'H'
DEBUG:root:GetFirstLine: state = 2 & actual byte = b'T'
DEBUG:root:GetFirstLine: state = 2 & actual byte = b'T'
DEBUG:root:GetFirstLine: state = 2 & actual byte = b'P'
DEBUG:root:GetFirstLine: state = 2 & actual byte = b'/'
DEBUG:root:GetFirstLine: state = 2 & actual byte = b'1'
DEBUG:root:GetFirstLine: state = 2 & actual byte = b'.'
DEBUG:root:GetFirstLine: state = 2 & actual byte = b'1'
DEBUG:root:GetFirstLine: state = 2 & actual byte = b'\r'
DEBUG:root:GetFirstLine: state = 3 & actual byte = b'\n'
DEBUG:root:GetHeaders: state = 7 & actual byte = b'H'
DEBUG:root:GetHeaders: state = 2 & actual byte = b'o'
DEBUG:root:GetHeaders: state = 2 & actual byte = b's'
DEBUG:root:GetHeaders: state = 2 & actual byte = b't'
DEBUG:root:GetHeaders: state = 2 & actual byte = b':'
DEBUG:root:GetHeaders: state = 4 & actual byte = b' '
DEBUG:root:GetHeaders: state = 5 & actual byte = b'w'
DEBUG:root:GetHeaders: state = 5 & actual byte = b'w'
DEBUG:root:GetHeaders: state = 5 & actual byte = b'w'
DEBUG:root:GetHeaders: state = 5 & actual byte = b'.'
DEBUG:root:GetHeaders: state = 5 & actual byte = b'r'
DEBUG:root:GetHeaders: state = 5 & actual byte = b'y'
DEBUG:root:GetHeaders: state = 5 & actual byte = b'a'
DEBUG:root:GetHeaders: state = 5 & actual byte = b'n'
DEBUG:root:GetHeaders: state = 5 & actual byte = b'b'
DEBUG:root:GetHeaders: state = 5 & actual byte = b'a'
DEBUG:root:GetHeaders: state = 5 & actual byte = b'n'
DEBUG:root:GetHeaders: state = 5 & actual byte = b'c'
DEBUG:root:GetHeaders: state = 5 & actual byte = b'o'
DEBUG:root:GetHeaders: state = 5 & actual byte = b'.'
DEBUG:root:GetHeaders: state = 5 & actual byte = b'c'
DEBUG:root:GetHeaders: state = 5 & actual byte = b'o'
DEBUG:root:GetHeaders: state = 5 & actual byte = b'm'
DEBUG:root:GetHeaders: state = 5 & actual byte = b'.'
DEBUG:root:GetHeaders: state = 5 & actual byte = b'b'
DEBUG:root:GetHeaders: state = 5 & actual byte = b'r'
DEBUG:root:GetHeaders: state = 5 & actual byte = b'\r'
DEBUG:root:GetHeaders: state = 6 & actual byte = b'\n'
DEBUG:root:GetHeaders: state = 7 & actual byte = b'U'
DEBUG:root:GetHeaders: state = 2 & actual byte = b's'
DEBUG:root:GetHeaders: state = 2 & actual byte = b'e'
DEBUG:root:GetHeaders: state = 2 & actual byte = b'r'
DEBUG:root:GetHeaders: state = 2 & actual byte = b'-'
DEBUG:root:GetHeaders: state = 2 & actual byte = b'A'
DEBUG:root:GetHeaders: state = 2 & actual byte = b'g'
DEBUG:root:GetHeaders: state = 2 & actual byte = b'e'
DEBUG:root:GetHeaders: state = 2 & actual byte = b'n'
DEBUG:root:GetHeaders: state = 2 & actual byte = b't'
DEBUG:root:GetHeaders: state = 2 & actual byte = b':'
DEBUG:root:GetHeaders: state = 4 & actual byte = b' '
DEBUG:root:GetHeaders: state = 5 & actual byte = b'M'
DEBUG:root:GetHeaders: state = 5 & actual byte = b'o'
DEBUG:root:GetHeaders: state = 5 & actual byte = b'z'
DEBUG:root:GetHeaders: state = 5 & actual byte = b'i'
DEBUG:root:GetHeaders: state = 5 & actual byte = b'l'
DEBUG:root:GetHeaders: state = 5 & actual byte = b'l'
DEBUG:root:GetHeaders: state = 5 & actual byte = b'a'
DEBUG:root:GetHeaders: state = 5 & actual byte = b' '
DEBUG:root:GetHeaders: state = 5 & actual byte = b'5'
DEBUG:root:GetHeaders: state = 5 & actual byte = b'.'
DEBUG:root:GetHeaders: state = 5 & actual byte = b'0'
DEBUG:root:GetHeaders: state = 5 & actual byte = b'\r'
DEBUG:root:GetHeaders: state = 6 & actual byte = b'\n'
DEBUG:root:GetHeaders: state = 7 & actual byte = b'A'
DEBUG:root:GetHeaders: state = 2 & actual byte = b'c'
DEBUG:root:GetHeaders: state = 2 & actual byte = b'c'
DEBUG:root:GetHeaders: state = 2 & actual byte = b'e'
DEBUG:root:GetHeaders: state = 2 & actual byte = b'p'
DEBUG:root:GetHeaders: state = 2 & actual byte = b't'
DEBUG:root:GetHeaders: state = 2 & actual byte = b'-'
DEBUG:root:GetHeaders: state = 2 & actual byte = b'L'
DEBUG:root:GetHeaders: state = 2 & actual byte = b'a'
DEBUG:root:GetHeaders: state = 2 & actual byte = b'n'
DEBUG:root:GetHeaders: state = 2 & actual byte = b'g'
DEBUG:root:GetHeaders: state = 2 & actual byte = b'u'
DEBUG:root:GetHeaders: state = 2 & actual byte = b'a'
DEBUG:root:GetHeaders: state = 2 & actual byte = b'g'
DEBUG:root:GetHeaders: state = 2 & actual byte = b'e'
DEBUG:root:GetHeaders: state = 2 & actual byte = b':'
DEBUG:root:GetHeaders: state = 4 & actual byte = b' '
DEBUG:root:GetHeaders: state = 5 & actual byte = b'e'
DEBUG:root:GetHeaders: state = 5 & actual byte = b'n'
DEBUG:root:GetHeaders: state = 5 & actual byte = b'-'
DEBUG:root:GetHeaders: state = 5 & actual byte = b'U'
DEBUG:root:GetHeaders: state = 5 & actual byte = b'S'
DEBUG:root:GetHeaders: state = 5 & actual byte = b'\r'
DEBUG:root:GetHeaders: state = 6 & actual byte = b'\n'
DEBUG:root:GetHeaders: state = 7 & actual byte = b'\r'
DEBUG:root:GetHeaders: state = 9 & actual byte = b'\n'
DEBUG:root:GetFirstLine: state = 0 & actual byte = b'G'
DEBUG:root:GetFirstLine: state = 0 & actual byte = b'E'
DEBUG:root:GetFirstLine: state = 0 & actual byte = b'T'
DEBUG:root:GetFirstLine: state = 0 & actual byte = b' '
DEBUG:root:GetFirstLine: state = 1 & actual byte = b'/'
DEBUG:root:GetFirstLine: state = 1 & actual byte = b'b'
DEBUG:root:GetFirstLine: state = 1 & actual byte = b'a'
DEBUG:root:GetFirstLine: state = 1 & actual byte = b'n'
DEBUG:root:GetFirstLine: state = 1 & actual byte = b'k'
DEBUG:root:GetFirstLine: state = 1 & actual byte = b'/'
DEBUG:root:GetFirstLine: state = 1 & actual byte = b'M'
DEBUG:root:GetFirstLine: state = 1 & actual byte = b'a'
DEBUG:root:GetFirstLine: state = 1 & actual byte = b'i'
DEBUG:root:GetFirstLine: state = 1 & actual byte = b'n'
DEBUG:root:GetFirstLine: state = 1 & actual byte = b'-'
DEBUG:root:GetFirstLine: state = 1 & actual byte = b'p'
DEBUG:root:GetFirstLine: state = 1 & actual byte = b'a'
DEBUG:root:GetFirstLine: state = 1 & actual byte = b'g'
DEBUG:root:GetFirstLine: state = 1 & actual byte = b'e'
DEBUG:root:GetFirstLine: state = 1 & actual byte = b' '
DEBUG:root:GetFirstLine: state = 2 & actual byte = b'H'
DEBUG:root:GetFirstLine: state = 2 & actual byte = b'T'
DEBUG:root:GetFirstLine: state = 2 & actual byte = b'T'
DEBUG:root:GetFirstLine: state = 2 & actual byte = b'P'
DEBUG:root:GetFirstLine: state = 2 & actual byte = b'/'
DEBUG:root:GetFirstLine: state = 2 & actual byte = b'1'
DEBUG:root:GetFirstLine: state = 2 & actual byte = b'.'
DEBUG:root:GetFirstLine: state = 2 & actual byte = b'1'
DEBUG:root:GetFirstLine: state = 2 & actual byte = b'\r'
DEBUG:root:GetFirstLine: state = 3 & actual byte = b'\n'
DEBUG:root:GetHeaders: state = 7 & actual byte = b'H'
DEBUG:root:GetHeaders: state = 2 & actual byte = b'o'
DEBUG:root:GetHeaders: state = 2 & actual byte = b's'
DEBUG:root:GetHeaders: state = 2 & actual byte = b't'
DEBUG:root:GetHeaders: state = 2 & actual byte = b':'
DEBUG:root:GetHeaders: state = 4 & actual byte = b' '
DEBUG:root:GetHeaders: state = 5 & actual byte = b'w'
DEBUG:root:GetHeaders: state = 5 & actual byte = b'w'
DEBUG:root:GetHeaders: state = 5 & actual byte = b'w'
DEBUG:root:GetHeaders: state = 5 & actual byte = b'.'
DEBUG:root:GetHeaders: state = 5 & actual byte = b'r'
DEBUG:root:GetHeaders: state = 5 & actual byte = b'y'
DEBUG:root:GetHeaders: state = 5 & actual byte = b'a'
DEBUG:root:GetHeaders: state = 5 & actual byte = b'n'
DEBUG:root:GetHeaders: state = 5 & actual byte = b'b'
DEBUG:root:GetHeaders: state = 5 & actual byte = b'a'
DEBUG:root:GetHeaders: state = 5 & actual byte = b'n'
DEBUG:root:GetHeaders: state = 5 & actual byte = b'c'
DEBUG:root:GetHeaders: state = 5 & actual byte = b'o'
DEBUG:root:GetHeaders: state = 5 & actual byte = b'.'
DEBUG:root:GetHeaders: state = 5 & actual byte = b'c'
DEBUG:root:GetHeaders: state = 5 & actual byte = b'o'
DEBUG:root:GetHeaders: state = 5 & actual byte = b'm'
DEBUG:root:GetHeaders: state = 5 & actual byte = b'.'
DEBUG:root:GetHeaders: state = 5 & actual byte = b'b'
DEBUG:root:GetHeaders: state = 5 & actual byte = b'r'
DEBUG:root:GetHeaders: state = 5 & actual byte = b'\r'
DEBUG:root:GetHeaders: state = 6 & actual byte = b'\n'
DEBUG:root:GetHeaders: state = 7 & actual byte = b'U'
DEBUG:root:GetHeaders: state = 2 & actual byte = b's'
DEBUG:root:GetHeaders: state = 2 & actual byte = b'e'
DEBUG:root:GetHeaders: state = 2 & actual byte = b'r'
DEBUG:root:GetHeaders: state = 2 & actual byte = b'-'
DEBUG:root:GetHeaders: state = 2 & actual byte = b'A'
DEBUG:root:GetHeaders: state = 2 & actual byte = b'g'
DEBUG:root:GetHeaders: state = 2 & actual byte = b'e'
DEBUG:root:GetHeaders: state = 2 & actual byte = b'n'
DEBUG:root:GetHeaders: state = 2 & actual byte = b't'
DEBUG:root:GetHeaders: state = 2 & actual byte = b':'
DEBUG:root:GetHeaders: state = 4 & actual byte = b' '
DEBUG:root:GetHeaders: state = 5 & actual byte = b'M'
DEBUG:root:GetHeaders: state = 5 & actual byte = b'o'
DEBUG:root:GetHeaders: state = 5 & actual byte = b'z'
DEBUG:root:GetHeaders: state = 5 & actual byte = b'i'
DEBUG:root:GetHeaders: state = 5 & actual byte = b'l'
DEBUG:root:GetHeaders: state = 5 & actual byte = b'l'
DEBUG:root:GetHeaders: state = 5 & actual byte = b'a'
DEBUG:root:GetHeaders: state = 5 & actual byte = b' '
DEBUG:root:GetHeaders: state = 5 & actual byte = b'5'
DEBUG:root:GetHeaders: state = 5 & actual byte = b'.'
DEBUG:root:GetHeaders: state = 5 & actual byte = b'0'
DEBUG:root:GetHeaders: state = 5 & actual byte = b'\r'
DEBUG:root:GetHeaders: state = 6 & actual byte = b'\n'
DEBUG:root:GetHeaders: state = 7 & actual byte = b'A'
DEBUG:root:GetHeaders: state = 2 & actual byte = b'c'
DEBUG:root:GetHeaders: state = 2 & actual byte = b'c'
DEBUG:root:GetHeaders: state = 2 & actual byte = b'e'
DEBUG:root:GetHeaders: state = 2 & actual byte = b'p'
DEBUG:root:GetHeaders: state = 2 & actual byte = b't'
DEBUG:root:GetHeaders: state = 2 & actual byte = b'-'
DEBUG:root:GetHeaders: state = 2 & actual byte = b'L'
DEBUG:root:GetHeaders: state = 2 & actual byte = b'a'
DEBUG:root:GetHeaders: state = 2 & actual byte = b'n'
DEBUG:root:GetHeaders: state = 2 & actual byte = b'g'
DEBUG:root:GetHeaders: state = 2 & actual byte = b'u'
DEBUG:root:GetHeaders: state = 2 & actual byte = b'a'
DEBUG:root:GetHeaders: state = 2 & actual byte = b'g'
DEBUG:root:GetHeaders: state = 2 & actual byte = b'e'
DEBUG:root:GetHeaders: state = 2 & actual byte = b':'
DEBUG:root:GetHeaders: state = 4 & actual byte = b' '
DEBUG:root:GetHeaders: state = 5 & actual byte = b'e'
DEBUG:root:GetHeaders: state = 5 & actual byte = b'n'
DEBUG:root:GetHeaders: state = 5 & actual byte = b'-'
DEBUG:root:GetHeaders: state = 5 & actual byte = b'U'
DEBUG:root:GetHeaders: state = 5 & actual byte = b'S'
DEBUG:root:GetHeaders: state = 5 & actual byte = b'\r'
DEBUG:root:GetHeaders: state = 6 & actual byte = b'\n'
DEBUG:root:GetHeaders: state = 7 & actual byte = b'\r'
DEBUG:root:GetHeaders: state = 9 & actual byte = b'\n'
