DEBUG:root:Client connected on IP ('127.0.0.1', 57108)
DEBUG:httpRequest:GetFirstLine: state = 0 & actual byte = b'G'
DEBUG:httpRequest:GetFirstLine: state = 0 & actual byte = b'E'
DEBUG:httpRequest:GetFirstLine: state = 0 & actual byte = b'T'
DEBUG:httpRequest:GetFirstLine: state = 0 & actual byte = b' '
DEBUG:httpRequest:GetFirstLine: state = 1 & actual byte = b'/'
DEBUG:httpRequest:GetFirstLine: state = 1 & actual byte = b' '
DEBUG:httpRequest:GetFirstLine: state = 2 & actual byte = b'H'
DEBUG:httpRequest:GetFirstLine: state = 2 & actual byte = b'T'
DEBUG:httpRequest:GetFirstLine: state = 2 & actual byte = b'T'
DEBUG:httpRequest:GetFirstLine: state = 2 & actual byte = b'P'
DEBUG:httpRequest:GetFirstLine: state = 2 & actual byte = b'/'
DEBUG:httpRequest:GetFirstLine: state = 2 & actual byte = b'1'
DEBUG:httpRequest:GetFirstLine: state = 2 & actual byte = b'.'
DEBUG:httpRequest:GetFirstLine: state = 2 & actual byte = b'1'
DEBUG:httpRequest:GetFirstLine: state = 2 & actual byte = b'\r'
DEBUG:httpRequest:GetFirstLine: state = 3 & actual byte = b'\n'
DEBUG:httpRequest:GetHeaders: state = 7 & actual byte = b'\r'
DEBUG:httpRequest:GetHeaders: state = 9 & actual byte = b'\n'
DEBUG:httpRequest:GetBody: length = 0 & actual body = b'' & actual body's size = 0
DEBUG:httpRequest:GetFirstLine: state = 0 & actual byte = b'G'
DEBUG:httpRequest:GetFirstLine: state = 0 & actual byte = b'E'
DEBUG:httpRequest:GetFirstLine: state = 0 & actual byte = b'T'
DEBUG:httpRequest:GetFirstLine: state = 0 & actual byte = b' '
DEBUG:httpRequest:GetFirstLine: state = 1 & actual byte = b'/'
DEBUG:httpRequest:GetFirstLine: state = 1 & actual byte = b' '
DEBUG:httpRequest:GetFirstLine: state = 2 & actual byte = b'H'
DEBUG:httpRequest:GetFirstLine: state = 2 & actual byte = b'T'
DEBUG:httpRequest:GetFirstLine: state = 2 & actual byte = b'T'
DEBUG:httpRequest:GetFirstLine: state = 2 & actual byte = b'P'
DEBUG:httpRequest:GetFirstLine: state = 2 & actual byte = b'/'
DEBUG:httpRequest:GetFirstLine: state = 2 & actual byte = b'1'
DEBUG:httpRequest:GetFirstLine: state = 2 & actual byte = b'.'
DEBUG:httpRequest:GetFirstLine: state = 2 & actual byte = b'1'
DEBUG:httpRequest:GetFirstLine: state = 2 & actual byte = b'\r'
DEBUG:httpRequest:GetFirstLine: state = 3 & actual byte = b'\n'
DEBUG:httpRequest:GetHeaders: state = 7 & actual byte = b'\r'
DEBUG:httpRequest:GetHeaders: state = 9 & actual byte = b'\n'
DEBUG:httpRequest:GetBody: length = 0 & actual body = b'' & actual body's size = 0
DEBUG:httpRequest:GetFirstLine: state = 0 & actual byte = b'\r'
DEBUG:httpRequest:GetFirstLine: state = 3 & actual byte = b'\n'
DEBUG:httpRequest:GetHeaders: state = 7 & actual byte = b'\r'
DEBUG:httpRequest:GetHeaders: state = 9 & actual byte = b'\n'
DEBUG:httpRequest:GetBody: length = 0 & actual body = b'' & actual body's size = 0
DEBUG:httpRequest:GetFirstLine: state = 0 & actual byte = b'\r'
DEBUG:httpRequest:GetFirstLine: state = 3 & actual byte = b'\n'
DEBUG:httpRequest:GetHeaders: state = 7 & actual byte = b'\r'
DEBUG:httpRequest:GetHeaders: state = 9 & actual byte = b'\n'
DEBUG:httpRequest:GetBody: length = 0 & actual body = b'' & actual body's size = 0
DEBUG:httpRequest:GetFirstLine: state = 0 & actual byte = b'\r'
DEBUG:httpRequest:GetFirstLine: state = 3 & actual byte = b'\n'
DEBUG:httpRequest:GetHeaders: state = 7 & actual byte = b'\r'
DEBUG:httpRequest:GetHeaders: state = 9 & actual byte = b'\n'
DEBUG:httpRequest:GetBody: length = 0 & actual body = b'' & actual body's size = 0
DEBUG:httpRequest:GetFirstLine: state = 0 & actual byte = b'\r'
DEBUG:httpRequest:GetFirstLine: state = 3 & actual byte = b'\n'
DEBUG:httpRequest:GetHeaders: state = 7 & actual byte = b'\r'
DEBUG:httpRequest:GetHeaders: state = 9 & actual byte = b'\n'
DEBUG:httpRequest:GetBody: length = 0 & actual body = b'' & actual body's size = 0
DEBUG:httpRequest:GetFirstLine: state = 0 & actual byte = b'G'
DEBUG:httpRequest:GetFirstLine: state = 0 & actual byte = b'E'
DEBUG:httpRequest:GetFirstLine: state = 0 & actual byte = b'T'
DEBUG:httpRequest:GetFirstLine: state = 0 & actual byte = b' '
DEBUG:httpRequest:GetFirstLine: state = 1 & actual byte = b'/'
DEBUG:httpRequest:GetFirstLine: state = 1 & actual byte = b' '
DEBUG:httpRequest:GetFirstLine: state = 2 & actual byte = b'H'
DEBUG:httpRequest:GetFirstLine: state = 2 & actual byte = b'T'
DEBUG:httpRequest:GetFirstLine: state = 2 & actual byte = b'T'
DEBUG:httpRequest:GetFirstLine: state = 2 & actual byte = b'P'
DEBUG:httpRequest:GetFirstLine: state = 2 & actual byte = b'/'
DEBUG:httpRequest:GetFirstLine: state = 2 & actual byte = b'1'
DEBUG:httpRequest:GetFirstLine: state = 2 & actual byte = b'.'
DEBUG:httpRequest:GetFirstLine: state = 2 & actual byte = b'1'
DEBUG:httpRequest:GetFirstLine: state = 2 & actual byte = b'\r'
DEBUG:httpRequest:GetFirstLine: state = 3 & actual byte = b'\n'
DEBUG:httpRequest:GetHeaders: state = 7 & actual byte = b'C'
DEBUG:httpRequest:GetHeaders: state = 2 & actual byte = b'o'
DEBUG:httpRequest:GetHeaders: state = 2 & actual byte = b'n'
DEBUG:httpRequest:GetHeaders: state = 2 & actual byte = b'n'
DEBUG:httpRequest:GetHeaders: state = 2 & actual byte = b'e'
DEBUG:httpRequest:GetHeaders: state = 2 & actual byte = b'c'
DEBUG:httpRequest:GetHeaders: state = 2 & actual byte = b't'
DEBUG:httpRequest:GetHeaders: state = 2 & actual byte = b'i'
DEBUG:httpRequest:GetHeaders: state = 2 & actual byte = b'o'
DEBUG:httpRequest:GetHeaders: state = 2 & actual byte = b'n'
DEBUG:httpRequest:GetHeaders: state = 2 & actual byte = b':'
DEBUG:httpRequest:GetHeaders: state = 4 & actual byte = b' '
DEBUG:httpRequest:GetHeaders: state = 5 & actual byte = b'c'
DEBUG:httpRequest:GetHeaders: state = 5 & actual byte = b'l'
DEBUG:httpRequest:GetHeaders: state = 5 & actual byte = b'o'
DEBUG:httpRequest:GetHeaders: state = 5 & actual byte = b's'
DEBUG:httpRequest:GetHeaders: state = 5 & actual byte = b'e'
DEBUG:httpRequest:GetHeaders: state = 5 & actual byte = b'\r'
DEBUG:httpRequest:GetHeaders: state = 6 & actual byte = b'\n'
DEBUG:httpRequest:GetHeaders: state = 7 & actual byte = b'\r'
DEBUG:httpRequest:GetHeaders: state = 9 & actual byte = b'\n'
DEBUG:httpRequest:GetBody: length = 0 & actual body = b'' & actual body's size = 0
DEBUG:httpRequest:GetFirstLine: state = 0 & actual byte = b'\r'
DEBUG:httpRequest:GetFirstLine: state = 3 & actual byte = b'\n'
DEBUG:root:Client connected on IP ('127.0.0.1', 55044)
DEBUG:httpRequest:GetFirstLine: state = 0 & actual byte = b'G'
DEBUG:httpRequest:GetFirstLine: state = 0 & actual byte = b'E'
DEBUG:httpRequest:GetFirstLine: state = 0 & actual byte = b'T'
DEBUG:httpRequest:GetFirstLine: state = 0 & actual byte = b' '
DEBUG:httpRequest:GetFirstLine: state = 1 & actual byte = b'/'
DEBUG:httpRequest:GetFirstLine: state = 1 & actual byte = b' '
DEBUG:httpRequest:GetFirstLine: state = 2 & actual byte = b'H'
DEBUG:httpRequest:GetFirstLine: state = 2 & actual byte = b'T'
DEBUG:httpRequest:GetFirstLine: state = 2 & actual byte = b'T'
DEBUG:httpRequest:GetFirstLine: state = 2 & actual byte = b'P'
DEBUG:httpRequest:GetFirstLine: state = 2 & actual byte = b'/'
DEBUG:httpRequest:GetFirstLine: state = 2 & actual byte = b'1'
DEBUG:httpRequest:GetFirstLine: state = 2 & actual byte = b'.'
DEBUG:httpRequest:GetFirstLine: state = 2 & actual byte = b'1'
DEBUG:httpRequest:GetFirstLine: state = 2 & actual byte = b'\r'
DEBUG:httpRequest:GetFirstLine: state = 3 & actual byte = b'\n'
DEBUG:httpRequest:GetHeaders: state = 7 & actual byte = b'\r'
DEBUG:httpRequest:GetHeaders: state = 9 & actual byte = b'\n'
DEBUG:httpRequest:GetBody: length = 0 & actual body = b'' & actual body's size = 0
DEBUG:httpRequest:GetFirstLine: state = 0 & actual byte = b'G'
DEBUG:httpRequest:GetFirstLine: state = 0 & actual byte = b'E'
DEBUG:httpRequest:GetFirstLine: state = 0 & actual byte = b'T'
DEBUG:httpRequest:GetFirstLine: state = 0 & actual byte = b' '
DEBUG:httpRequest:GetFirstLine: state = 1 & actual byte = b'/'
DEBUG:httpRequest:GetFirstLine: state = 1 & actual byte = b' '
DEBUG:httpRequest:GetFirstLine: state = 2 & actual byte = b'H'
DEBUG:httpRequest:GetFirstLine: state = 2 & actual byte = b'T'
DEBUG:httpRequest:GetFirstLine: state = 2 & actual byte = b'T'
DEBUG:httpRequest:GetFirstLine: state = 2 & actual byte = b'P'
DEBUG:httpRequest:GetFirstLine: state = 2 & actual byte = b'/'
DEBUG:httpRequest:GetFirstLine: state = 2 & actual byte = b'1'
DEBUG:httpRequest:GetFirstLine: state = 2 & actual byte = b'.'
DEBUG:httpRequest:GetFirstLine: state = 2 & actual byte = b'1'
DEBUG:httpRequest:GetFirstLine: state = 2 & actual byte = b'\r'
DEBUG:httpRequest:GetFirstLine: state = 3 & actual byte = b'\n'
DEBUG:httpRequest:GetHeaders: state = 7 & actual byte = b'C'
DEBUG:httpRequest:GetHeaders: state = 2 & actual byte = b'o'
DEBUG:httpRequest:GetHeaders: state = 2 & actual byte = b'n'
DEBUG:httpRequest:GetHeaders: state = 2 & actual byte = b'n'
DEBUG:httpRequest:GetHeaders: state = 2 & actual byte = b'e'
DEBUG:httpRequest:GetHeaders: state = 2 & actual byte = b'c'
DEBUG:httpRequest:GetHeaders: state = 2 & actual byte = b't'
DEBUG:httpRequest:GetHeaders: state = 2 & actual byte = b'i'
DEBUG:httpRequest:GetHeaders: state = 2 & actual byte = b'o'
DEBUG:httpRequest:GetHeaders: state = 2 & actual byte = b'n'
DEBUG:httpRequest:GetHeaders: state = 2 & actual byte = b':'
DEBUG:httpRequest:GetHeaders: state = 4 & actual byte = b' '
DEBUG:httpRequest:GetHeaders: state = 5 & actual byte = b'c'
DEBUG:httpRequest:GetHeaders: state = 5 & actual byte = b'l'
DEBUG:httpRequest:GetHeaders: state = 5 & actual byte = b'o'
DEBUG:httpRequest:GetHeaders: state = 5 & actual byte = b's'
DEBUG:httpRequest:GetHeaders: state = 5 & actual byte = b'e'
DEBUG:httpRequest:GetHeaders: state = 5 & actual byte = b'\r'
DEBUG:httpRequest:GetHeaders: state = 6 & actual byte = b'\n'
DEBUG:httpRequest:GetHeaders: state = 7 & actual byte = b'\r'
DEBUG:httpRequest:GetHeaders: state = 9 & actual byte = b'\n'
DEBUG:httpRequest:GetBody: length = 0 & actual body = b'' & actual body's size = 0
DEBUG:httpRequest:GetFirstLine: state = 0 & actual byte = b'G'
DEBUG:httpRequest:GetFirstLine: state = 0 & actual byte = b'E'
DEBUG:httpRequest:GetFirstLine: state = 0 & actual byte = b'T'
DEBUG:httpRequest:GetFirstLine: state = 0 & actual byte = b' '
DEBUG:httpRequest:GetFirstLine: state = 1 & actual byte = b'/'
DEBUG:httpRequest:GetFirstLine: state = 1 & actual byte = b' '
DEBUG:httpRequest:GetFirstLine: state = 2 & actual byte = b'H'
DEBUG:httpRequest:GetFirstLine: state = 2 & actual byte = b'T'
DEBUG:httpRequest:GetFirstLine: state = 2 & actual byte = b'T'
DEBUG:httpRequest:GetFirstLine: state = 2 & actual byte = b'P'
DEBUG:httpRequest:GetFirstLine: state = 2 & actual byte = b'/'
DEBUG:httpRequest:GetFirstLine: state = 2 & actual byte = b'1'
DEBUG:httpRequest:GetFirstLine: state = 2 & actual byte = b'.'
DEBUG:httpRequest:GetFirstLine: state = 2 & actual byte = b'1'
DEBUG:httpRequest:GetFirstLine: state = 2 & actual byte = b'\r'
DEBUG:httpRequest:GetFirstLine: state = 3 & actual byte = b'\n'
DEBUG:httpRequest:GetHeaders: state = 7 & actual byte = b'\r'
DEBUG:httpRequest:GetHeaders: state = 9 & actual byte = b'\n'
DEBUG:httpRequest:GetBody: length = 0 & actual body = b'' & actual body's size = 0
DEBUG:httpRequest:GetFirstLine: state = 0 & actual byte = b''
DEBUG:root:Client connected on IP ('127.0.0.1', 42168)
DEBUG:httpRequest:GetFirstLine: state = 0 & actual byte = b'G'
DEBUG:httpRequest:GetFirstLine: state = 0 & actual byte = b'E'
DEBUG:httpRequest:GetFirstLine: state = 0 & actual byte = b'T'
DEBUG:httpRequest:GetFirstLine: state = 0 & actual byte = b' '
DEBUG:httpRequest:GetFirstLine: state = 1 & actual byte = b'/'
DEBUG:httpRequest:GetFirstLine: state = 1 & actual byte = b' '
DEBUG:httpRequest:GetFirstLine: state = 2 & actual byte = b'H'
DEBUG:httpRequest:GetFirstLine: state = 2 & actual byte = b'T'
DEBUG:httpRequest:GetFirstLine: state = 2 & actual byte = b'T'
DEBUG:httpRequest:GetFirstLine: state = 2 & actual byte = b'P'
DEBUG:httpRequest:GetFirstLine: state = 2 & actual byte = b'/'
DEBUG:httpRequest:GetFirstLine: state = 2 & actual byte = b'1'
DEBUG:httpRequest:GetFirstLine: state = 2 & actual byte = b'.'
DEBUG:httpRequest:GetFirstLine: state = 2 & actual byte = b'1'
DEBUG:httpRequest:GetFirstLine: state = 2 & actual byte = b'\r'
DEBUG:httpRequest:GetFirstLine: state = 3 & actual byte = b'\n'
DEBUG:httpRequest:GetHeaders: state = 7 & actual byte = b'H'
DEBUG:httpRequest:GetHeaders: state = 2 & actual byte = b'o'
DEBUG:httpRequest:GetHeaders: state = 2 & actual byte = b's'
DEBUG:httpRequest:GetHeaders: state = 2 & actual byte = b't'
DEBUG:httpRequest:GetHeaders: state = 2 & actual byte = b':'
DEBUG:httpRequest:GetHeaders: state = 4 & actual byte = b' '
DEBUG:httpRequest:GetHeaders: state = 5 & actual byte = b'1'
DEBUG:httpRequest:GetHeaders: state = 5 & actual byte = b'2'
DEBUG:httpRequest:GetHeaders: state = 5 & actual byte = b'7'
DEBUG:httpRequest:GetHeaders: state = 5 & actual byte = b'.'
DEBUG:httpRequest:GetHeaders: state = 5 & actual byte = b'0'
DEBUG:httpRequest:GetHeaders: state = 5 & actual byte = b'.'
DEBUG:httpRequest:GetHeaders: state = 5 & actual byte = b'0'
DEBUG:httpRequest:GetHeaders: state = 5 & actual byte = b'.'
DEBUG:httpRequest:GetHeaders: state = 5 & actual byte = b'1'
DEBUG:httpRequest:GetHeaders: state = 5 & actual byte = b':'
DEBUG:httpRequest:GetHeaders: state = 5 & actual byte = b'8'
DEBUG:httpRequest:GetHeaders: state = 5 & actual byte = b'0'
DEBUG:httpRequest:GetHeaders: state = 5 & actual byte = b'8'
DEBUG:httpRequest:GetHeaders: state = 5 & actual byte = b'0'
DEBUG:httpRequest:GetHeaders: state = 5 & actual byte = b'\r'
DEBUG:httpRequest:GetHeaders: state = 6 & actual byte = b'\n'
DEBUG:httpRequest:GetHeaders: state = 7 & actual byte = b'C'
DEBUG:httpRequest:GetHeaders: state = 2 & actual byte = b'o'
DEBUG:httpRequest:GetHeaders: state = 2 & actual byte = b'n'
DEBUG:httpRequest:GetHeaders: state = 2 & actual byte = b'n'
DEBUG:httpRequest:GetHeaders: state = 2 & actual byte = b'e'
DEBUG:httpRequest:GetHeaders: state = 2 & actual byte = b'c'
DEBUG:httpRequest:GetHeaders: state = 2 & actual byte = b't'
DEBUG:httpRequest:GetHeaders: state = 2 & actual byte = b'i'
DEBUG:httpRequest:GetHeaders: state = 2 & actual byte = b'o'
DEBUG:httpRequest:GetHeaders: state = 2 & actual byte = b'n'
DEBUG:httpRequest:GetHeaders: state = 2 & actual byte = b':'
DEBUG:httpRequest:GetHeaders: state = 4 & actual byte = b' '
DEBUG:httpRequest:GetHeaders: state = 5 & actual byte = b'k'
DEBUG:httpRequest:GetHeaders: state = 5 & actual byte = b'e'
DEBUG:httpRequest:GetHeaders: state = 5 & actual byte = b'e'
DEBUG:httpRequest:GetHeaders: state = 5 & actual byte = b'p'
DEBUG:httpRequest:GetHeaders: state = 5 & actual byte = b'-'
DEBUG:httpRequest:GetHeaders: state = 5 & actual byte = b'a'
DEBUG:httpRequest:GetHeaders: state = 5 & actual byte = b'l'
DEBUG:httpRequest:GetHeaders: state = 5 & actual byte = b'i'
DEBUG:httpRequest:GetHeaders: state = 5 & actual byte = b'v'
DEBUG:httpRequest:GetHeaders: state = 5 & actual byte = b'e'
DEBUG:httpRequest:GetHeaders: state = 5 & actual byte = b'\r'
DEBUG:httpRequest:GetHeaders: state = 6 & actual byte = b'\n'
DEBUG:httpRequest:GetHeaders: state = 7 & actual byte = b's'
DEBUG:httpRequest:GetHeaders: state = 2 & actual byte = b'e'
DEBUG:httpRequest:GetHeaders: state = 2 & actual byte = b'c'
DEBUG:httpRequest:GetHeaders: state = 2 & actual byte = b'-'
DEBUG:httpRequest:GetHeaders: state = 2 & actual byte = b'c'
DEBUG:httpRequest:GetHeaders: state = 2 & actual byte = b'h'
DEBUG:httpRequest:GetHeaders: state = 2 & actual byte = b'-'
DEBUG:httpRequest:GetHeaders: state = 2 & actual byte = b'u'
DEBUG:httpRequest:GetHeaders: state = 2 & actual byte = b'a'
DEBUG:httpRequest:GetHeaders: state = 2 & actual byte = b':'
DEBUG:httpRequest:GetHeaders: state = 4 & actual byte = b' '
DEBUG:httpRequest:GetHeaders: state = 5 & actual byte = b'"'
DEBUG:httpRequest:GetHeaders: state = 5 & actual byte = b'N'
DEBUG:httpRequest:GetHeaders: state = 5 & actual byte = b'o'
DEBUG:httpRequest:GetHeaders: state = 5 & actual byte = b't'
DEBUG:httpRequest:GetHeaders: state = 5 & actual byte = b'?'
DEBUG:httpRequest:GetHeaders: state = 5 & actual byte = b'A'
DEBUG:httpRequest:GetHeaders: state = 5 & actual byte = b'_'
DEBUG:httpRequest:GetHeaders: state = 5 & actual byte = b'B'
DEBUG:httpRequest:GetHeaders: state = 5 & actual byte = b'r'
DEBUG:httpRequest:GetHeaders: state = 5 & actual byte = b'a'
DEBUG:httpRequest:GetHeaders: state = 5 & actual byte = b'n'
DEBUG:httpRequest:GetHeaders: state = 5 & actual byte = b'd'
DEBUG:httpRequest:GetHeaders: state = 5 & actual byte = b'"'
DEBUG:httpRequest:GetHeaders: state = 5 & actual byte = b';'
DEBUG:httpRequest:GetHeaders: state = 5 & actual byte = b'v'
DEBUG:httpRequest:GetHeaders: state = 5 & actual byte = b'='
DEBUG:httpRequest:GetHeaders: state = 5 & actual byte = b'"'
DEBUG:httpRequest:GetHeaders: state = 5 & actual byte = b'8'
DEBUG:httpRequest:GetHeaders: state = 5 & actual byte = b'"'
DEBUG:httpRequest:GetHeaders: state = 5 & actual byte = b','
DEBUG:httpRequest:GetHeaders: state = 5 & actual byte = b' '
DEBUG:httpRequest:GetHeaders: state = 5 & actual byte = b'"'
DEBUG:httpRequest:GetHeaders: state = 5 & actual byte = b'C'
DEBUG:httpRequest:GetHeaders: state = 5 & actual byte = b'h'
DEBUG:httpRequest:GetHeaders: state = 5 & actual byte = b'r'
DEBUG:httpRequest:GetHeaders: state = 5 & actual byte = b'o'
DEBUG:httpRequest:GetHeaders: state = 5 & actual byte = b'm'
DEBUG:httpRequest:GetHeaders: state = 5 & actual byte = b'i'
DEBUG:httpRequest:GetHeaders: state = 5 & actual byte = b'u'
DEBUG:httpRequest:GetHeaders: state = 5 & actual byte = b'm'
DEBUG:httpRequest:GetHeaders: state = 5 & actual byte = b'"'
DEBUG:httpRequest:GetHeaders: state = 5 & actual byte = b';'
DEBUG:httpRequest:GetHeaders: state = 5 & actual byte = b'v'
DEBUG:httpRequest:GetHeaders: state = 5 & actual byte = b'='
DEBUG:httpRequest:GetHeaders: state = 5 & actual byte = b'"'
DEBUG:httpRequest:GetHeaders: state = 5 & actual byte = b'1'
DEBUG:httpRequest:GetHeaders: state = 5 & actual byte = b'0'
DEBUG:httpRequest:GetHeaders: state = 5 & actual byte = b'8'
DEBUG:httpRequest:GetHeaders: state = 5 & actual byte = b'"'
DEBUG:httpRequest:GetHeaders: state = 5 & actual byte = b','
DEBUG:httpRequest:GetHeaders: state = 5 & actual byte = b' '
DEBUG:httpRequest:GetHeaders: state = 5 & actual byte = b'"'
DEBUG:httpRequest:GetHeaders: state = 5 & actual byte = b'B'
DEBUG:httpRequest:GetHeaders: state = 5 & actual byte = b'r'
DEBUG:httpRequest:GetHeaders: state = 5 & actual byte = b'a'
DEBUG:httpRequest:GetHeaders: state = 5 & actual byte = b'v'
DEBUG:httpRequest:GetHeaders: state = 5 & actual byte = b'e'
DEBUG:httpRequest:GetHeaders: state = 5 & actual byte = b'"'
DEBUG:httpRequest:GetHeaders: state = 5 & actual byte = b';'
DEBUG:httpRequest:GetHeaders: state = 5 & actual byte = b'v'
DEBUG:httpRequest:GetHeaders: state = 5 & actual byte = b'='
DEBUG:httpRequest:GetHeaders: state = 5 & actual byte = b'"'
DEBUG:httpRequest:GetHeaders: state = 5 & actual byte = b'1'
DEBUG:httpRequest:GetHeaders: state = 5 & actual byte = b'0'
DEBUG:httpRequest:GetHeaders: state = 5 & actual byte = b'8'
DEBUG:httpRequest:GetHeaders: state = 5 & actual byte = b'"'
DEBUG:httpRequest:GetHeaders: state = 5 & actual byte = b'\r'
DEBUG:httpRequest:GetHeaders: state = 6 & actual byte = b'\n'
DEBUG:httpRequest:GetHeaders: state = 7 & actual byte = b's'
DEBUG:httpRequest:GetHeaders: state = 2 & actual byte = b'e'
DEBUG:httpRequest:GetHeaders: state = 2 & actual byte = b'c'
DEBUG:httpRequest:GetHeaders: state = 2 & actual byte = b'-'
DEBUG:httpRequest:GetHeaders: state = 2 & actual byte = b'c'
DEBUG:httpRequest:GetHeaders: state = 2 & actual byte = b'h'
DEBUG:httpRequest:GetHeaders: state = 2 & actual byte = b'-'
DEBUG:httpRequest:GetHeaders: state = 2 & actual byte = b'u'
DEBUG:httpRequest:GetHeaders: state = 2 & actual byte = b'a'
DEBUG:httpRequest:GetHeaders: state = 2 & actual byte = b'-'
DEBUG:httpRequest:GetHeaders: state = 2 & actual byte = b'm'
DEBUG:httpRequest:GetHeaders: state = 2 & actual byte = b'o'
DEBUG:httpRequest:GetHeaders: state = 2 & actual byte = b'b'
DEBUG:httpRequest:GetHeaders: state = 2 & actual byte = b'i'
DEBUG:httpRequest:GetHeaders: state = 2 & actual byte = b'l'
DEBUG:httpRequest:GetHeaders: state = 2 & actual byte = b'e'
DEBUG:httpRequest:GetHeaders: state = 2 & actual byte = b':'
DEBUG:httpRequest:GetHeaders: state = 4 & actual byte = b' '
DEBUG:httpRequest:GetHeaders: state = 5 & actual byte = b'?'
DEBUG:httpRequest:GetHeaders: state = 5 & actual byte = b'0'
DEBUG:httpRequest:GetHeaders: state = 5 & actual byte = b'\r'
DEBUG:httpRequest:GetHeaders: state = 6 & actual byte = b'\n'
DEBUG:httpRequest:GetHeaders: state = 7 & actual byte = b's'
DEBUG:httpRequest:GetHeaders: state = 2 & actual byte = b'e'
DEBUG:httpRequest:GetHeaders: state = 2 & actual byte = b'c'
DEBUG:httpRequest:GetHeaders: state = 2 & actual byte = b'-'
DEBUG:httpRequest:GetHeaders: state = 2 & actual byte = b'c'
DEBUG:httpRequest:GetHeaders: state = 2 & actual byte = b'h'
DEBUG:httpRequest:GetHeaders: state = 2 & actual byte = b'-'
DEBUG:httpRequest:GetHeaders: state = 2 & actual byte = b'u'
DEBUG:httpRequest:GetHeaders: state = 2 & actual byte = b'a'
DEBUG:httpRequest:GetHeaders: state = 2 & actual byte = b'-'
DEBUG:httpRequest:GetHeaders: state = 2 & actual byte = b'p'
DEBUG:httpRequest:GetHeaders: state = 2 & actual byte = b'l'
DEBUG:httpRequest:GetHeaders: state = 2 & actual byte = b'a'
DEBUG:httpRequest:GetHeaders: state = 2 & actual byte = b't'
DEBUG:httpRequest:GetHeaders: state = 2 & actual byte = b'f'
DEBUG:httpRequest:GetHeaders: state = 2 & actual byte = b'o'
DEBUG:httpRequest:GetHeaders: state = 2 & actual byte = b'r'
DEBUG:httpRequest:GetHeaders: state = 2 & actual byte = b'm'
DEBUG:httpRequest:GetHeaders: state = 2 & actual byte = b':'
DEBUG:httpRequest:GetHeaders: state = 4 & actual byte = b' '
DEBUG:httpRequest:GetHeaders: state = 5 & actual byte = b'"'
DEBUG:httpRequest:GetHeaders: state = 5 & actual byte = b'L'
DEBUG:httpRequest:GetHeaders: state = 5 & actual byte = b'i'
DEBUG:httpRequest:GetHeaders: state = 5 & actual byte = b'n'
DEBUG:httpRequest:GetHeaders: state = 5 & actual byte = b'u'
DEBUG:httpRequest:GetHeaders: state = 5 & actual byte = b'x'
DEBUG:httpRequest:GetHeaders: state = 5 & actual byte = b'"'
DEBUG:httpRequest:GetHeaders: state = 5 & actual byte = b'\r'
DEBUG:httpRequest:GetHeaders: state = 6 & actual byte = b'\n'
DEBUG:httpRequest:GetHeaders: state = 7 & actual byte = b'U'
DEBUG:httpRequest:GetHeaders: state = 2 & actual byte = b'p'
DEBUG:httpRequest:GetHeaders: state = 2 & actual byte = b'g'
DEBUG:httpRequest:GetHeaders: state = 2 & actual byte = b'r'
DEBUG:httpRequest:GetHeaders: state = 2 & actual byte = b'a'
DEBUG:httpRequest:GetHeaders: state = 2 & actual byte = b'd'
DEBUG:httpRequest:GetHeaders: state = 2 & actual byte = b'e'
DEBUG:httpRequest:GetHeaders: state = 2 & actual byte = b'-'
DEBUG:httpRequest:GetHeaders: state = 2 & actual byte = b'I'
DEBUG:httpRequest:GetHeaders: state = 2 & actual byte = b'n'
DEBUG:httpRequest:GetHeaders: state = 2 & actual byte = b's'
DEBUG:httpRequest:GetHeaders: state = 2 & actual byte = b'e'
DEBUG:httpRequest:GetHeaders: state = 2 & actual byte = b'c'
DEBUG:httpRequest:GetHeaders: state = 2 & actual byte = b'u'
DEBUG:httpRequest:GetHeaders: state = 2 & actual byte = b'r'
DEBUG:httpRequest:GetHeaders: state = 2 & actual byte = b'e'
DEBUG:httpRequest:GetHeaders: state = 2 & actual byte = b'-'
DEBUG:httpRequest:GetHeaders: state = 2 & actual byte = b'R'
DEBUG:httpRequest:GetHeaders: state = 2 & actual byte = b'e'
DEBUG:httpRequest:GetHeaders: state = 2 & actual byte = b'q'
DEBUG:httpRequest:GetHeaders: state = 2 & actual byte = b'u'
DEBUG:httpRequest:GetHeaders: state = 2 & actual byte = b'e'
DEBUG:httpRequest:GetHeaders: state = 2 & actual byte = b's'
DEBUG:httpRequest:GetHeaders: state = 2 & actual byte = b't'
DEBUG:httpRequest:GetHeaders: state = 2 & actual byte = b's'
DEBUG:httpRequest:GetHeaders: state = 2 & actual byte = b':'
DEBUG:httpRequest:GetHeaders: state = 4 & actual byte = b' '
DEBUG:httpRequest:GetHeaders: state = 5 & actual byte = b'1'
DEBUG:httpRequest:GetHeaders: state = 5 & actual byte = b'\r'
DEBUG:httpRequest:GetHeaders: state = 6 & actual byte = b'\n'
DEBUG:httpRequest:GetHeaders: state = 7 & actual byte = b'U'
DEBUG:httpRequest:GetHeaders: state = 2 & actual byte = b's'
DEBUG:httpRequest:GetHeaders: state = 2 & actual byte = b'e'
DEBUG:httpRequest:GetHeaders: state = 2 & actual byte = b'r'
DEBUG:httpRequest:GetHeaders: state = 2 & actual byte = b'-'
DEBUG:httpRequest:GetHeaders: state = 2 & actual byte = b'A'
DEBUG:httpRequest:GetHeaders: state = 2 & actual byte = b'g'
DEBUG:httpRequest:GetHeaders: state = 2 & actual byte = b'e'
DEBUG:httpRequest:GetHeaders: state = 2 & actual byte = b'n'
DEBUG:httpRequest:GetHeaders: state = 2 & actual byte = b't'
DEBUG:httpRequest:GetHeaders: state = 2 & actual byte = b':'
DEBUG:httpRequest:GetHeaders: state = 4 & actual byte = b' '
DEBUG:httpRequest:GetHeaders: state = 5 & actual byte = b'M'
DEBUG:httpRequest:GetHeaders: state = 5 & actual byte = b'o'
DEBUG:httpRequest:GetHeaders: state = 5 & actual byte = b'z'
DEBUG:httpRequest:GetHeaders: state = 5 & actual byte = b'i'
DEBUG:httpRequest:GetHeaders: state = 5 & actual byte = b'l'
DEBUG:httpRequest:GetHeaders: state = 5 & actual byte = b'l'
DEBUG:httpRequest:GetHeaders: state = 5 & actual byte = b'a'
DEBUG:httpRequest:GetHeaders: state = 5 & actual byte = b'/'
DEBUG:httpRequest:GetHeaders: state = 5 & actual byte = b'5'
DEBUG:httpRequest:GetHeaders: state = 5 & actual byte = b'.'
DEBUG:httpRequest:GetHeaders: state = 5 & actual byte = b'0'
DEBUG:httpRequest:GetHeaders: state = 5 & actual byte = b' '
DEBUG:httpRequest:GetHeaders: state = 5 & actual byte = b'('
DEBUG:httpRequest:GetHeaders: state = 5 & actual byte = b'X'
DEBUG:httpRequest:GetHeaders: state = 5 & actual byte = b'1'
DEBUG:httpRequest:GetHeaders: state = 5 & actual byte = b'1'
DEBUG:httpRequest:GetHeaders: state = 5 & actual byte = b';'
DEBUG:httpRequest:GetHeaders: state = 5 & actual byte = b' '
DEBUG:httpRequest:GetHeaders: state = 5 & actual byte = b'L'
DEBUG:httpRequest:GetHeaders: state = 5 & actual byte = b'i'
DEBUG:httpRequest:GetHeaders: state = 5 & actual byte = b'n'
DEBUG:httpRequest:GetHeaders: state = 5 & actual byte = b'u'
DEBUG:httpRequest:GetHeaders: state = 5 & actual byte = b'x'
DEBUG:httpRequest:GetHeaders: state = 5 & actual byte = b' '
DEBUG:httpRequest:GetHeaders: state = 5 & actual byte = b'x'
DEBUG:httpRequest:GetHeaders: state = 5 & actual byte = b'8'
DEBUG:httpRequest:GetHeaders: state = 5 & actual byte = b'6'
DEBUG:httpRequest:GetHeaders: state = 5 & actual byte = b'_'
DEBUG:httpRequest:GetHeaders: state = 5 & actual byte = b'6'
DEBUG:httpRequest:GetHeaders: state = 5 & actual byte = b'4'
DEBUG:httpRequest:GetHeaders: state = 5 & actual byte = b')'
DEBUG:httpRequest:GetHeaders: state = 5 & actual byte = b' '
DEBUG:httpRequest:GetHeaders: state = 5 & actual byte = b'A'
DEBUG:httpRequest:GetHeaders: state = 5 & actual byte = b'p'
DEBUG:httpRequest:GetHeaders: state = 5 & actual byte = b'p'
DEBUG:httpRequest:GetHeaders: state = 5 & actual byte = b'l'
DEBUG:httpRequest:GetHeaders: state = 5 & actual byte = b'e'
DEBUG:httpRequest:GetHeaders: state = 5 & actual byte = b'W'
DEBUG:httpRequest:GetHeaders: state = 5 & actual byte = b'e'
DEBUG:httpRequest:GetHeaders: state = 5 & actual byte = b'b'
DEBUG:httpRequest:GetHeaders: state = 5 & actual byte = b'K'
DEBUG:httpRequest:GetHeaders: state = 5 & actual byte = b'i'
DEBUG:httpRequest:GetHeaders: state = 5 & actual byte = b't'
DEBUG:httpRequest:GetHeaders: state = 5 & actual byte = b'/'
DEBUG:httpRequest:GetHeaders: state = 5 & actual byte = b'5'
DEBUG:httpRequest:GetHeaders: state = 5 & actual byte = b'3'
DEBUG:httpRequest:GetHeaders: state = 5 & actual byte = b'7'
DEBUG:httpRequest:GetHeaders: state = 5 & actual byte = b'.'
DEBUG:httpRequest:GetHeaders: state = 5 & actual byte = b'3'
DEBUG:httpRequest:GetHeaders: state = 5 & actual byte = b'6'
DEBUG:httpRequest:GetHeaders: state = 5 & actual byte = b' '
DEBUG:httpRequest:GetHeaders: state = 5 & actual byte = b'('
DEBUG:httpRequest:GetHeaders: state = 5 & actual byte = b'K'
DEBUG:httpRequest:GetHeaders: state = 5 & actual byte = b'H'
DEBUG:httpRequest:GetHeaders: state = 5 & actual byte = b'T'
DEBUG:httpRequest:GetHeaders: state = 5 & actual byte = b'M'
DEBUG:httpRequest:GetHeaders: state = 5 & actual byte = b'L'
DEBUG:httpRequest:GetHeaders: state = 5 & actual byte = b','
DEBUG:httpRequest:GetHeaders: state = 5 & actual byte = b' '
DEBUG:httpRequest:GetHeaders: state = 5 & actual byte = b'l'
DEBUG:httpRequest:GetHeaders: state = 5 & actual byte = b'i'
DEBUG:httpRequest:GetHeaders: state = 5 & actual byte = b'k'
DEBUG:httpRequest:GetHeaders: state = 5 & actual byte = b'e'
DEBUG:httpRequest:GetHeaders: state = 5 & actual byte = b' '
DEBUG:httpRequest:GetHeaders: state = 5 & actual byte = b'G'
DEBUG:httpRequest:GetHeaders: state = 5 & actual byte = b'e'
DEBUG:httpRequest:GetHeaders: state = 5 & actual byte = b'c'
DEBUG:httpRequest:GetHeaders: state = 5 & actual byte = b'k'
DEBUG:httpRequest:GetHeaders: state = 5 & actual byte = b'o'
DEBUG:httpRequest:GetHeaders: state = 5 & actual byte = b')'
DEBUG:httpRequest:GetHeaders: state = 5 & actual byte = b' '
DEBUG:httpRequest:GetHeaders: state = 5 & actual byte = b'C'
DEBUG:httpRequest:GetHeaders: state = 5 & actual byte = b'h'
DEBUG:httpRequest:GetHeaders: state = 5 & actual byte = b'r'
DEBUG:httpRequest:GetHeaders: state = 5 & actual byte = b'o'
DEBUG:httpRequest:GetHeaders: state = 5 & actual byte = b'm'
DEBUG:httpRequest:GetHeaders: state = 5 & actual byte = b'e'
DEBUG:httpRequest:GetHeaders: state = 5 & actual byte = b'/'
DEBUG:httpRequest:GetHeaders: state = 5 & actual byte = b'1'
DEBUG:httpRequest:GetHeaders: state = 5 & actual byte = b'0'
DEBUG:httpRequest:GetHeaders: state = 5 & actual byte = b'8'
DEBUG:httpRequest:GetHeaders: state = 5 & actual byte = b'.'
DEBUG:httpRequest:GetHeaders: state = 5 & actual byte = b'0'
DEBUG:httpRequest:GetHeaders: state = 5 & actual byte = b'.'
DEBUG:httpRequest:GetHeaders: state = 5 & actual byte = b'0'
DEBUG:httpRequest:GetHeaders: state = 5 & actual byte = b'.'
DEBUG:httpRequest:GetHeaders: state = 5 & actual byte = b'0'
DEBUG:httpRequest:GetHeaders: state = 5 & actual byte = b' '
DEBUG:httpRequest:GetHeaders: state = 5 & actual byte = b'S'
DEBUG:httpRequest:GetHeaders: state = 5 & actual byte = b'a'
DEBUG:httpRequest:GetHeaders: state = 5 & actual byte = b'f'
DEBUG:httpRequest:GetHeaders: state = 5 & actual byte = b'a'
DEBUG:httpRequest:GetHeaders: state = 5 & actual byte = b'r'
DEBUG:httpRequest:GetHeaders: state = 5 & actual byte = b'i'
DEBUG:httpRequest:GetHeaders: state = 5 & actual byte = b'/'
DEBUG:httpRequest:GetHeaders: state = 5 & actual byte = b'5'
DEBUG:httpRequest:GetHeaders: state = 5 & actual byte = b'3'
DEBUG:httpRequest:GetHeaders: state = 5 & actual byte = b'7'
DEBUG:httpRequest:GetHeaders: state = 5 & actual byte = b'.'
DEBUG:httpRequest:GetHeaders: state = 5 & actual byte = b'3'
DEBUG:httpRequest:GetHeaders: state = 5 & actual byte = b'6'
DEBUG:httpRequest:GetHeaders: state = 5 & actual byte = b'\r'
DEBUG:httpRequest:GetHeaders: state = 6 & actual byte = b'\n'
DEBUG:httpRequest:GetHeaders: state = 7 & actual byte = b'A'
DEBUG:httpRequest:GetHeaders: state = 2 & actual byte = b'c'
DEBUG:httpRequest:GetHeaders: state = 2 & actual byte = b'c'
DEBUG:httpRequest:GetHeaders: state = 2 & actual byte = b'e'
DEBUG:httpRequest:GetHeaders: state = 2 & actual byte = b'p'
DEBUG:httpRequest:GetHeaders: state = 2 & actual byte = b't'
DEBUG:httpRequest:GetHeaders: state = 2 & actual byte = b':'
DEBUG:httpRequest:GetHeaders: state = 4 & actual byte = b' '
DEBUG:httpRequest:GetHeaders: state = 5 & actual byte = b't'
DEBUG:httpRequest:GetHeaders: state = 5 & actual byte = b'e'
DEBUG:httpRequest:GetHeaders: state = 5 & actual byte = b'x'
DEBUG:httpRequest:GetHeaders: state = 5 & actual byte = b't'
DEBUG:httpRequest:GetHeaders: state = 5 & actual byte = b'/'
DEBUG:httpRequest:GetHeaders: state = 5 & actual byte = b'h'
DEBUG:httpRequest:GetHeaders: state = 5 & actual byte = b't'
DEBUG:httpRequest:GetHeaders: state = 5 & actual byte = b'm'
DEBUG:httpRequest:GetHeaders: state = 5 & actual byte = b'l'
DEBUG:httpRequest:GetHeaders: state = 5 & actual byte = b','
DEBUG:httpRequest:GetHeaders: state = 5 & actual byte = b'a'
DEBUG:httpRequest:GetHeaders: state = 5 & actual byte = b'p'
DEBUG:httpRequest:GetHeaders: state = 5 & actual byte = b'p'
DEBUG:httpRequest:GetHeaders: state = 5 & actual byte = b'l'
DEBUG:httpRequest:GetHeaders: state = 5 & actual byte = b'i'
DEBUG:httpRequest:GetHeaders: state = 5 & actual byte = b'c'
DEBUG:httpRequest:GetHeaders: state = 5 & actual byte = b'a'
DEBUG:httpRequest:GetHeaders: state = 5 & actual byte = b't'
DEBUG:httpRequest:GetHeaders: state = 5 & actual byte = b'i'
DEBUG:httpRequest:GetHeaders: state = 5 & actual byte = b'o'
DEBUG:httpRequest:GetHeaders: state = 5 & actual byte = b'n'
DEBUG:httpRequest:GetHeaders: state = 5 & actual byte = b'/'
DEBUG:httpRequest:GetHeaders: state = 5 & actual byte = b'x'
DEBUG:httpRequest:GetHeaders: state = 5 & actual byte = b'h'
DEBUG:httpRequest:GetHeaders: state = 5 & actual byte = b't'
DEBUG:httpRequest:GetHeaders: state = 5 & actual byte = b'm'
DEBUG:httpRequest:GetHeaders: state = 5 & actual byte = b'l'
DEBUG:httpRequest:GetHeaders: state = 5 & actual byte = b'+'
DEBUG:httpRequest:GetHeaders: state = 5 & actual byte = b'x'
DEBUG:httpRequest:GetHeaders: state = 5 & actual byte = b'm'
DEBUG:httpRequest:GetHeaders: state = 5 & actual byte = b'l'
DEBUG:httpRequest:GetHeaders: state = 5 & actual byte = b','
DEBUG:httpRequest:GetHeaders: state = 5 & actual byte = b'a'
DEBUG:httpRequest:GetHeaders: state = 5 & actual byte = b'p'
DEBUG:httpRequest:GetHeaders: state = 5 & actual byte = b'p'
DEBUG:httpRequest:GetHeaders: state = 5 & actual byte = b'l'
DEBUG:httpRequest:GetHeaders: state = 5 & actual byte = b'i'
DEBUG:httpRequest:GetHeaders: state = 5 & actual byte = b'c'
DEBUG:httpRequest:GetHeaders: state = 5 & actual byte = b'a'
DEBUG:httpRequest:GetHeaders: state = 5 & actual byte = b't'
DEBUG:httpRequest:GetHeaders: state = 5 & actual byte = b'i'
DEBUG:httpRequest:GetHeaders: state = 5 & actual byte = b'o'
DEBUG:httpRequest:GetHeaders: state = 5 & actual byte = b'n'
DEBUG:httpRequest:GetHeaders: state = 5 & actual byte = b'/'
DEBUG:httpRequest:GetHeaders: state = 5 & actual byte = b'x'
DEBUG:httpRequest:GetHeaders: state = 5 & actual byte = b'm'
DEBUG:httpRequest:GetHeaders: state = 5 & actual byte = b'l'
DEBUG:httpRequest:GetHeaders: state = 5 & actual byte = b';'
DEBUG:httpRequest:GetHeaders: state = 5 & actual byte = b'q'
DEBUG:httpRequest:GetHeaders: state = 5 & actual byte = b'='
DEBUG:httpRequest:GetHeaders: state = 5 & actual byte = b'0'
DEBUG:httpRequest:GetHeaders: state = 5 & actual byte = b'.'
DEBUG:httpRequest:GetHeaders: state = 5 & actual byte = b'9'
DEBUG:httpRequest:GetHeaders: state = 5 & actual byte = b','
DEBUG:httpRequest:GetHeaders: state = 5 & actual byte = b'i'
DEBUG:httpRequest:GetHeaders: state = 5 & actual byte = b'm'
DEBUG:httpRequest:GetHeaders: state = 5 & actual byte = b'a'
DEBUG:httpRequest:GetHeaders: state = 5 & actual byte = b'g'
DEBUG:httpRequest:GetHeaders: state = 5 & actual byte = b'e'
DEBUG:httpRequest:GetHeaders: state = 5 & actual byte = b'/'
DEBUG:httpRequest:GetHeaders: state = 5 & actual byte = b'a'
DEBUG:httpRequest:GetHeaders: state = 5 & actual byte = b'v'
DEBUG:httpRequest:GetHeaders: state = 5 & actual byte = b'i'
DEBUG:httpRequest:GetHeaders: state = 5 & actual byte = b'f'
DEBUG:httpRequest:GetHeaders: state = 5 & actual byte = b','
DEBUG:httpRequest:GetHeaders: state = 5 & actual byte = b'i'
DEBUG:httpRequest:GetHeaders: state = 5 & actual byte = b'm'
DEBUG:httpRequest:GetHeaders: state = 5 & actual byte = b'a'
DEBUG:httpRequest:GetHeaders: state = 5 & actual byte = b'g'
DEBUG:httpRequest:GetHeaders: state = 5 & actual byte = b'e'
DEBUG:httpRequest:GetHeaders: state = 5 & actual byte = b'/'
DEBUG:httpRequest:GetHeaders: state = 5 & actual byte = b'w'
DEBUG:httpRequest:GetHeaders: state = 5 & actual byte = b'e'
DEBUG:httpRequest:GetHeaders: state = 5 & actual byte = b'b'
DEBUG:httpRequest:GetHeaders: state = 5 & actual byte = b'p'
DEBUG:httpRequest:GetHeaders: state = 5 & actual byte = b','
DEBUG:httpRequest:GetHeaders: state = 5 & actual byte = b'i'
DEBUG:httpRequest:GetHeaders: state = 5 & actual byte = b'm'
DEBUG:httpRequest:GetHeaders: state = 5 & actual byte = b'a'
DEBUG:httpRequest:GetHeaders: state = 5 & actual byte = b'g'
DEBUG:httpRequest:GetHeaders: state = 5 & actual byte = b'e'
DEBUG:httpRequest:GetHeaders: state = 5 & actual byte = b'/'
DEBUG:httpRequest:GetHeaders: state = 5 & actual byte = b'a'
DEBUG:httpRequest:GetHeaders: state = 5 & actual byte = b'p'
DEBUG:httpRequest:GetHeaders: state = 5 & actual byte = b'n'
DEBUG:httpRequest:GetHeaders: state = 5 & actual byte = b'g'
DEBUG:httpRequest:GetHeaders: state = 5 & actual byte = b','
DEBUG:httpRequest:GetHeaders: state = 5 & actual byte = b'*'
DEBUG:httpRequest:GetHeaders: state = 5 & actual byte = b'/'
DEBUG:httpRequest:GetHeaders: state = 5 & actual byte = b'*'
DEBUG:httpRequest:GetHeaders: state = 5 & actual byte = b';'
DEBUG:httpRequest:GetHeaders: state = 5 & actual byte = b'q'
DEBUG:httpRequest:GetHeaders: state = 5 & actual byte = b'='
DEBUG:httpRequest:GetHeaders: state = 5 & actual byte = b'0'
DEBUG:httpRequest:GetHeaders: state = 5 & actual byte = b'.'
DEBUG:httpRequest:GetHeaders: state = 5 & actual byte = b'8'
DEBUG:httpRequest:GetHeaders: state = 5 & actual byte = b'\r'
DEBUG:httpRequest:GetHeaders: state = 6 & actual byte = b'\n'
DEBUG:httpRequest:GetHeaders: state = 7 & actual byte = b'S'
DEBUG:httpRequest:GetHeaders: state = 2 & actual byte = b'e'
DEBUG:httpRequest:GetHeaders: state = 2 & actual byte = b'c'
DEBUG:httpRequest:GetHeaders: state = 2 & actual byte = b'-'
DEBUG:httpRequest:GetHeaders: state = 2 & actual byte = b'G'
DEBUG:httpRequest:GetHeaders: state = 2 & actual byte = b'P'
DEBUG:httpRequest:GetHeaders: state = 2 & actual byte = b'C'
DEBUG:httpRequest:GetHeaders: state = 2 & actual byte = b':'
DEBUG:httpRequest:GetHeaders: state = 4 & actual byte = b' '
DEBUG:httpRequest:GetHeaders: state = 5 & actual byte = b'1'
DEBUG:httpRequest:GetHeaders: state = 5 & actual byte = b'\r'
DEBUG:httpRequest:GetHeaders: state = 6 & actual byte = b'\n'
DEBUG:httpRequest:GetHeaders: state = 7 & actual byte = b'A'
DEBUG:httpRequest:GetHeaders: state = 2 & actual byte = b'c'
DEBUG:httpRequest:GetHeaders: state = 2 & actual byte = b'c'
DEBUG:httpRequest:GetHeaders: state = 2 & actual byte = b'e'
DEBUG:httpRequest:GetHeaders: state = 2 & actual byte = b'p'
DEBUG:httpRequest:GetHeaders: state = 2 & actual byte = b't'
DEBUG:httpRequest:GetHeaders: state = 2 & actual byte = b'-'
DEBUG:httpRequest:GetHeaders: state = 2 & actual byte = b'L'
DEBUG:httpRequest:GetHeaders: state = 2 & actual byte = b'a'
DEBUG:httpRequest:GetHeaders: state = 2 & actual byte = b'n'
DEBUG:httpRequest:GetHeaders: state = 2 & actual byte = b'g'
DEBUG:httpRequest:GetHeaders: state = 2 & actual byte = b'u'
DEBUG:httpRequest:GetHeaders: state = 2 & actual byte = b'a'
DEBUG:httpRequest:GetHeaders: state = 2 & actual byte = b'g'
DEBUG:httpRequest:GetHeaders: state = 2 & actual byte = b'e'
DEBUG:httpRequest:GetHeaders: state = 2 & actual byte = b':'
DEBUG:httpRequest:GetHeaders: state = 4 & actual byte = b' '
DEBUG:httpRequest:GetHeaders: state = 5 & actual byte = b'p'
DEBUG:httpRequest:GetHeaders: state = 5 & actual byte = b't'
DEBUG:httpRequest:GetHeaders: state = 5 & actual byte = b'-'
DEBUG:httpRequest:GetHeaders: state = 5 & actual byte = b'B'
DEBUG:httpRequest:GetHeaders: state = 5 & actual byte = b'R'
DEBUG:httpRequest:GetHeaders: state = 5 & actual byte = b','
DEBUG:httpRequest:GetHeaders: state = 5 & actual byte = b'p'
DEBUG:httpRequest:GetHeaders: state = 5 & actual byte = b't'
DEBUG:httpRequest:GetHeaders: state = 5 & actual byte = b'\r'
DEBUG:httpRequest:GetHeaders: state = 6 & actual byte = b'\n'
DEBUG:httpRequest:GetHeaders: state = 7 & actual byte = b'S'
DEBUG:httpRequest:GetHeaders: state = 2 & actual byte = b'e'
DEBUG:httpRequest:GetHeaders: state = 2 & actual byte = b'c'
DEBUG:httpRequest:GetHeaders: state = 2 & actual byte = b'-'
DEBUG:httpRequest:GetHeaders: state = 2 & actual byte = b'F'
DEBUG:httpRequest:GetHeaders: state = 2 & actual byte = b'e'
DEBUG:httpRequest:GetHeaders: state = 2 & actual byte = b't'
DEBUG:httpRequest:GetHeaders: state = 2 & actual byte = b'c'
DEBUG:httpRequest:GetHeaders: state = 2 & actual byte = b'h'
DEBUG:httpRequest:GetHeaders: state = 2 & actual byte = b'-'
DEBUG:httpRequest:GetHeaders: state = 2 & actual byte = b'S'
DEBUG:httpRequest:GetHeaders: state = 2 & actual byte = b'i'
DEBUG:httpRequest:GetHeaders: state = 2 & actual byte = b't'
DEBUG:httpRequest:GetHeaders: state = 2 & actual byte = b'e'
DEBUG:httpRequest:GetHeaders: state = 2 & actual byte = b':'
DEBUG:httpRequest:GetHeaders: state = 4 & actual byte = b' '
DEBUG:httpRequest:GetHeaders: state = 5 & actual byte = b'n'
DEBUG:httpRequest:GetHeaders: state = 5 & actual byte = b'o'
DEBUG:httpRequest:GetHeaders: state = 5 & actual byte = b'n'
DEBUG:httpRequest:GetHeaders: state = 5 & actual byte = b'e'
DEBUG:httpRequest:GetHeaders: state = 5 & actual byte = b'\r'
DEBUG:httpRequest:GetHeaders: state = 6 & actual byte = b'\n'
DEBUG:httpRequest:GetHeaders: state = 7 & actual byte = b'S'
DEBUG:httpRequest:GetHeaders: state = 2 & actual byte = b'e'
DEBUG:httpRequest:GetHeaders: state = 2 & actual byte = b'c'
DEBUG:httpRequest:GetHeaders: state = 2 & actual byte = b'-'
DEBUG:httpRequest:GetHeaders: state = 2 & actual byte = b'F'
DEBUG:httpRequest:GetHeaders: state = 2 & actual byte = b'e'
DEBUG:httpRequest:GetHeaders: state = 2 & actual byte = b't'
DEBUG:httpRequest:GetHeaders: state = 2 & actual byte = b'c'
DEBUG:httpRequest:GetHeaders: state = 2 & actual byte = b'h'
DEBUG:httpRequest:GetHeaders: state = 2 & actual byte = b'-'
DEBUG:httpRequest:GetHeaders: state = 2 & actual byte = b'M'
DEBUG:httpRequest:GetHeaders: state = 2 & actual byte = b'o'
DEBUG:httpRequest:GetHeaders: state = 2 & actual byte = b'd'
DEBUG:httpRequest:GetHeaders: state = 2 & actual byte = b'e'
DEBUG:httpRequest:GetHeaders: state = 2 & actual byte = b':'
DEBUG:httpRequest:GetHeaders: state = 4 & actual byte = b' '
DEBUG:httpRequest:GetHeaders: state = 5 & actual byte = b'n'
DEBUG:httpRequest:GetHeaders: state = 5 & actual byte = b'a'
DEBUG:httpRequest:GetHeaders: state = 5 & actual byte = b'v'
DEBUG:httpRequest:GetHeaders: state = 5 & actual byte = b'i'
DEBUG:httpRequest:GetHeaders: state = 5 & actual byte = b'g'
DEBUG:httpRequest:GetHeaders: state = 5 & actual byte = b'a'
DEBUG:httpRequest:GetHeaders: state = 5 & actual byte = b't'
DEBUG:httpRequest:GetHeaders: state = 5 & actual byte = b'e'
DEBUG:httpRequest:GetHeaders: state = 5 & actual byte = b'\r'
DEBUG:httpRequest:GetHeaders: state = 6 & actual byte = b'\n'
DEBUG:httpRequest:GetHeaders: state = 7 & actual byte = b'S'
DEBUG:httpRequest:GetHeaders: state = 2 & actual byte = b'e'
DEBUG:httpRequest:GetHeaders: state = 2 & actual byte = b'c'
DEBUG:httpRequest:GetHeaders: state = 2 & actual byte = b'-'
DEBUG:httpRequest:GetHeaders: state = 2 & actual byte = b'F'
DEBUG:httpRequest:GetHeaders: state = 2 & actual byte = b'e'
DEBUG:httpRequest:GetHeaders: state = 2 & actual byte = b't'
DEBUG:httpRequest:GetHeaders: state = 2 & actual byte = b'c'
DEBUG:httpRequest:GetHeaders: state = 2 & actual byte = b'h'
DEBUG:httpRequest:GetHeaders: state = 2 & actual byte = b'-'
DEBUG:httpRequest:GetHeaders: state = 2 & actual byte = b'U'
DEBUG:httpRequest:GetHeaders: state = 2 & actual byte = b's'
DEBUG:httpRequest:GetHeaders: state = 2 & actual byte = b'e'
DEBUG:httpRequest:GetHeaders: state = 2 & actual byte = b'r'
DEBUG:httpRequest:GetHeaders: state = 2 & actual byte = b':'
DEBUG:httpRequest:GetHeaders: state = 4 & actual byte = b' '
DEBUG:httpRequest:GetHeaders: state = 5 & actual byte = b'?'
DEBUG:httpRequest:GetHeaders: state = 5 & actual byte = b'1'
DEBUG:httpRequest:GetHeaders: state = 5 & actual byte = b'\r'
DEBUG:httpRequest:GetHeaders: state = 6 & actual byte = b'\n'
DEBUG:httpRequest:GetHeaders: state = 7 & actual byte = b'S'
DEBUG:httpRequest:GetHeaders: state = 2 & actual byte = b'e'
DEBUG:httpRequest:GetHeaders: state = 2 & actual byte = b'c'
DEBUG:httpRequest:GetHeaders: state = 2 & actual byte = b'-'
DEBUG:httpRequest:GetHeaders: state = 2 & actual byte = b'F'
DEBUG:httpRequest:GetHeaders: state = 2 & actual byte = b'e'
DEBUG:httpRequest:GetHeaders: state = 2 & actual byte = b't'
DEBUG:httpRequest:GetHeaders: state = 2 & actual byte = b'c'
DEBUG:httpRequest:GetHeaders: state = 2 & actual byte = b'h'
DEBUG:httpRequest:GetHeaders: state = 2 & actual byte = b'-'
DEBUG:httpRequest:GetHeaders: state = 2 & actual byte = b'D'
DEBUG:httpRequest:GetHeaders: state = 2 & actual byte = b'e'
DEBUG:httpRequest:GetHeaders: state = 2 & actual byte = b's'
DEBUG:httpRequest:GetHeaders: state = 2 & actual byte = b't'
DEBUG:httpRequest:GetHeaders: state = 2 & actual byte = b':'
DEBUG:httpRequest:GetHeaders: state = 4 & actual byte = b' '
DEBUG:httpRequest:GetHeaders: state = 5 & actual byte = b'd'
DEBUG:httpRequest:GetHeaders: state = 5 & actual byte = b'o'
DEBUG:httpRequest:GetHeaders: state = 5 & actual byte = b'c'
DEBUG:httpRequest:GetHeaders: state = 5 & actual byte = b'u'
DEBUG:httpRequest:GetHeaders: state = 5 & actual byte = b'm'
DEBUG:httpRequest:GetHeaders: state = 5 & actual byte = b'e'
DEBUG:httpRequest:GetHeaders: state = 5 & actual byte = b'n'
DEBUG:httpRequest:GetHeaders: state = 5 & actual byte = b't'
DEBUG:httpRequest:GetHeaders: state = 5 & actual byte = b'\r'
DEBUG:httpRequest:GetHeaders: state = 6 & actual byte = b'\n'
DEBUG:httpRequest:GetHeaders: state = 7 & actual byte = b'A'
DEBUG:httpRequest:GetHeaders: state = 2 & actual byte = b'c'
DEBUG:httpRequest:GetHeaders: state = 2 & actual byte = b'c'
DEBUG:httpRequest:GetHeaders: state = 2 & actual byte = b'e'
DEBUG:httpRequest:GetHeaders: state = 2 & actual byte = b'p'
DEBUG:httpRequest:GetHeaders: state = 2 & actual byte = b't'
DEBUG:httpRequest:GetHeaders: state = 2 & actual byte = b'-'
DEBUG:httpRequest:GetHeaders: state = 2 & actual byte = b'E'
DEBUG:httpRequest:GetHeaders: state = 2 & actual byte = b'n'
DEBUG:httpRequest:GetHeaders: state = 2 & actual byte = b'c'
DEBUG:httpRequest:GetHeaders: state = 2 & actual byte = b'o'
DEBUG:httpRequest:GetHeaders: state = 2 & actual byte = b'd'
DEBUG:httpRequest:GetHeaders: state = 2 & actual byte = b'i'
DEBUG:httpRequest:GetHeaders: state = 2 & actual byte = b'n'
DEBUG:httpRequest:GetHeaders: state = 2 & actual byte = b'g'
DEBUG:httpRequest:GetHeaders: state = 2 & actual byte = b':'
DEBUG:httpRequest:GetHeaders: state = 4 & actual byte = b' '
DEBUG:httpRequest:GetHeaders: state = 5 & actual byte = b'g'
DEBUG:httpRequest:GetHeaders: state = 5 & actual byte = b'z'
DEBUG:httpRequest:GetHeaders: state = 5 & actual byte = b'i'
DEBUG:httpRequest:GetHeaders: state = 5 & actual byte = b'p'
DEBUG:httpRequest:GetHeaders: state = 5 & actual byte = b','
DEBUG:httpRequest:GetHeaders: state = 5 & actual byte = b' '
DEBUG:httpRequest:GetHeaders: state = 5 & actual byte = b'd'
DEBUG:httpRequest:GetHeaders: state = 5 & actual byte = b'e'
DEBUG:httpRequest:GetHeaders: state = 5 & actual byte = b'f'
DEBUG:httpRequest:GetHeaders: state = 5 & actual byte = b'l'
DEBUG:httpRequest:GetHeaders: state = 5 & actual byte = b'a'
DEBUG:httpRequest:GetHeaders: state = 5 & actual byte = b't'
DEBUG:httpRequest:GetHeaders: state = 5 & actual byte = b'e'
DEBUG:httpRequest:GetHeaders: state = 5 & actual byte = b','
DEBUG:httpRequest:GetHeaders: state = 5 & actual byte = b' '
DEBUG:httpRequest:GetHeaders: state = 5 & actual byte = b'b'
DEBUG:httpRequest:GetHeaders: state = 5 & actual byte = b'r'
DEBUG:httpRequest:GetHeaders: state = 5 & actual byte = b'\r'
DEBUG:httpRequest:GetHeaders: state = 6 & actual byte = b'\n'
DEBUG:httpRequest:GetHeaders: state = 7 & actual byte = b'\r'
DEBUG:httpRequest:GetHeaders: state = 9 & actual byte = b'\n'
DEBUG:httpRequest:GetBody: length = 0 & actual body = b'' & actual body's size = 0
DEBUG:httpRequest:GetFirstLine: state = 0 & actual byte = b''
DEBUG:root:Client connected on IP ('127.0.0.1', 41764)
DEBUG:httpRequest:GetFirstLine: state = 0 & actual byte = b'G'
DEBUG:httpRequest:GetFirstLine: state = 0 & actual byte = b'E'
DEBUG:httpRequest:GetFirstLine: state = 0 & actual byte = b'T'
DEBUG:httpRequest:GetFirstLine: state = 0 & actual byte = b' '
DEBUG:httpRequest:GetFirstLine: state = 1 & actual byte = b'/'
DEBUG:httpRequest:GetFirstLine: state = 1 & actual byte = b' '
DEBUG:httpRequest:GetFirstLine: state = 2 & actual byte = b'H'
DEBUG:httpRequest:GetFirstLine: state = 2 & actual byte = b'T'
DEBUG:httpRequest:GetFirstLine: state = 2 & actual byte = b'T'
DEBUG:httpRequest:GetFirstLine: state = 2 & actual byte = b'P'
DEBUG:httpRequest:GetFirstLine: state = 2 & actual byte = b'/'
DEBUG:httpRequest:GetFirstLine: state = 2 & actual byte = b'1'
DEBUG:httpRequest:GetFirstLine: state = 2 & actual byte = b'.'
DEBUG:httpRequest:GetFirstLine: state = 2 & actual byte = b'1'
DEBUG:httpRequest:GetFirstLine: state = 2 & actual byte = b'\r'
DEBUG:httpRequest:GetFirstLine: state = 3 & actual byte = b'\n'
DEBUG:httpRequest:GetHeaders: state = 7 & actual byte = b'\r'
DEBUG:httpRequest:GetHeaders: state = 9 & actual byte = b'\n'
DEBUG:httpRequest:GetBody: length = 0 & actual body = b'' & actual body's size = 0
DEBUG:httpRequest:GetFirstLine: state = 0 & actual byte = b'\r'
DEBUG:httpRequest:GetFirstLine: state = 3 & actual byte = b'\n'
DEBUG:httpRequest:GetHeaders: state = 7 & actual byte = b'G'
DEBUG:httpRequest:GetHeaders: state = 2 & actual byte = b'E'
DEBUG:httpRequest:GetHeaders: state = 2 & actual byte = b'T'
DEBUG:httpRequest:GetHeaders: state = 2 & actual byte = b' '
DEBUG:httpRequest:GetHeaders: state = 2 & actual byte = b'/'
DEBUG:httpRequest:GetHeaders: state = 2 & actual byte = b' '
DEBUG:httpRequest:GetHeaders: state = 2 & actual byte = b'H'
DEBUG:httpRequest:GetHeaders: state = 2 & actual byte = b'T'
DEBUG:httpRequest:GetHeaders: state = 2 & actual byte = b'T'
DEBUG:httpRequest:GetHeaders: state = 2 & actual byte = b'P'
DEBUG:httpRequest:GetHeaders: state = 2 & actual byte = b'/'
DEBUG:httpRequest:GetHeaders: state = 2 & actual byte = b'1'
DEBUG:httpRequest:GetHeaders: state = 2 & actual byte = b'.'
DEBUG:httpRequest:GetHeaders: state = 2 & actual byte = b'1'
DEBUG:httpRequest:GetHeaders: state = 2 & actual byte = b'\r'
DEBUG:httpRequest:GetBody: length = 0 & actual body = b'' & actual body's size = 0
DEBUG:httpRequest:GetFirstLine: state = 0 & actual byte = b'\n'
DEBUG:httpRequest:GetHeaders: state = 7 & actual byte = b'G'
DEBUG:httpRequest:GetHeaders: state = 2 & actual byte = b'E'
DEBUG:httpRequest:GetHeaders: state = 2 & actual byte = b'T'
DEBUG:httpRequest:GetHeaders: state = 2 & actual byte = b' '
DEBUG:httpRequest:GetHeaders: state = 2 & actual byte = b'/'
DEBUG:httpRequest:GetHeaders: state = 2 & actual byte = b' '
DEBUG:httpRequest:GetHeaders: state = 2 & actual byte = b'H'
DEBUG:httpRequest:GetHeaders: state = 2 & actual byte = b'T'
DEBUG:httpRequest:GetHeaders: state = 2 & actual byte = b'T'
DEBUG:httpRequest:GetHeaders: state = 2 & actual byte = b'P'
DEBUG:httpRequest:GetHeaders: state = 2 & actual byte = b'/'
DEBUG:httpRequest:GetHeaders: state = 2 & actual byte = b'1'
DEBUG:httpRequest:GetHeaders: state = 2 & actual byte = b'.'
DEBUG:httpRequest:GetHeaders: state = 2 & actual byte = b'1'
DEBUG:httpRequest:GetHeaders: state = 2 & actual byte = b'\r'
DEBUG:httpRequest:GetBody: length = 0 & actual body = b'' & actual body's size = 0
DEBUG:httpRequest:GetFirstLine: state = 0 & actual byte = b'\n'
DEBUG:httpRequest:GetHeaders: state = 7 & actual byte = b'\r'
DEBUG:httpRequest:GetHeaders: state = 9 & actual byte = b'\n'
DEBUG:httpRequest:GetBody: length = 0 & actual body = b'' & actual body's size = 0
DEBUG:httpRequest:GetFirstLine: state = 0 & actual byte = b'\r'
DEBUG:httpRequest:GetFirstLine: state = 3 & actual byte = b'\n'
DEBUG:httpRequest:GetHeaders: state = 7 & actual byte = b'\r'
DEBUG:httpRequest:GetHeaders: state = 9 & actual byte = b'\n'
DEBUG:httpRequest:GetBody: length = 0 & actual body = b'' & actual body's size = 0
DEBUG:httpRequest:GetFirstLine: state = 0 & actual byte = b'\r'
DEBUG:httpRequest:GetFirstLine: state = 3 & actual byte = b'\n'
DEBUG:httpRequest:GetHeaders: state = 7 & actual byte = b'\r'
DEBUG:httpRequest:GetHeaders: state = 9 & actual byte = b'\n'
DEBUG:httpRequest:GetBody: length = 0 & actual body = b'' & actual body's size = 0
DEBUG:httpRequest:GetFirstLine: state = 0 & actual byte = b'\r'
DEBUG:httpRequest:GetFirstLine: state = 3 & actual byte = b'\n'
DEBUG:httpRequest:GetHeaders: state = 7 & actual byte = b'\r'
DEBUG:httpRequest:GetHeaders: state = 9 & actual byte = b'\n'
DEBUG:httpRequest:GetBody: length = 0 & actual body = b'' & actual body's size = 0
DEBUG:httpRequest:GetFirstLine: state = 0 & actual byte = b'\xff'
DEBUG:httpRequest:GetFirstLine: state = 0 & actual byte = b'\xf4'
DEBUG:httpRequest:GetFirstLine: state = 0 & actual byte = b'\xff'
DEBUG:httpRequest:GetFirstLine: state = 0 & actual byte = b'\xfd'
DEBUG:httpRequest:GetFirstLine: state = 0 & actual byte = b'\x06'
DEBUG:httpRequest:GetFirstLine: state = 0 & actual byte = b'\xff'
DEBUG:httpRequest:GetFirstLine: state = 0 & actual byte = b'\xed'
DEBUG:httpRequest:GetFirstLine: state = 0 & actual byte = b'\xff'
DEBUG:httpRequest:GetFirstLine: state = 0 & actual byte = b'\xfd'
DEBUG:httpRequest:GetFirstLine: state = 0 & actual byte = b'\x06'
DEBUG:httpRequest:GetFirstLine: state = 0 & actual byte = b'\x18'
DEBUG:httpRequest:GetFirstLine: state = 0 & actual byte = b'\x11'
DEBUG:httpRequest:GetFirstLine: state = 0 & actual byte = b'\r'
DEBUG:httpRequest:GetFirstLine: state = 3 & actual byte = b'\n'
